{
  "stats": {
    "suites": 1,
    "tests": 2,
    "passes": 0,
    "pending": 12,
    "failures": -10,
    "start": "2024-10-24T04:36:36.194Z",
    "end": "2024-10-24T04:37:02.980Z",
    "duration": 26786,
    "testsRegistered": 13,
    "passPercent": 0,
    "pendingPercent": 92.3076923076923,
    "other": 11,
    "hasOther": true,
    "skipped": 0,
    "hasSkipped": false
  },
  "results": [
    {
      "uuid": "0536ca75-b80f-4fcc-b62b-574f6ee5cde3",
      "title": "",
      "fullFile": "cypress\\tests\\CreatePlan.spec.js",
      "file": "cypress\\tests\\CreatePlan.spec.js",
      "beforeHooks": [],
      "afterHooks": [],
      "tests": [],
      "suites": [
        {
          "uuid": "ad61215a-cb3e-4e16-8fc2-c8bcd93f345b",
          "title": "Create plan",
          "fullFile": "",
          "file": "",
          "beforeHooks": [],
          "afterHooks": [],
          "tests": [
            {
              "title": "Verify user is able to create a business USD plan successfully",
              "fullTitle": "Create plan Verify user is able to create a business USD plan successfully",
              "timedOut": null,
              "duration": 0,
              "state": "pending",
              "speed": null,
              "pass": false,
              "fail": false,
              "pending": true,
              "context": null,
              "code": "const name = createPlan.generatePlanName(); // Generate a random plan name\nconst amount = createPlan.generateRandomAmount(); // Generate a random amount\nconst date = createPlan.generateRandomFutureDate(); // Generate a random future date\n// Create the USD business plan with generated values\ncreatePlan.usdBusinessPlan(name, amount, date);\n// Assert that the success message appears\ncreatePlan.assertSuccess();\n// Delete the created plans for cleanup\ncreatePlan.deletePlans();",
              "err": {},
              "uuid": "e998f2ca-d4d2-49eb-bfa4-7842226f7cc2",
              "parentUUID": "ad61215a-cb3e-4e16-8fc2-c8bcd93f345b",
              "isHook": false,
              "skipped": false
            },
            {
              "title": "Verify user is able to create a business naira plan successfully",
              "fullTitle": "Create plan Verify user is able to create a business naira plan successfully",
              "timedOut": null,
              "duration": 0,
              "state": "pending",
              "speed": null,
              "pass": false,
              "fail": false,
              "pending": true,
              "context": null,
              "code": "const name = createPlan.generatePlanName();\nconst amount = createPlan.generateRandomAmount();\nconst date = createPlan.generateRandomFutureDate();\ncreatePlan.nairaBusinessPlan(name, amount, date);\ncreatePlan.assertSuccess();\ncreatePlan.deletePlans();",
              "err": {},
              "uuid": "4f0ca444-a596-448c-9b35-ad7815deffbb",
              "parentUUID": "ad61215a-cb3e-4e16-8fc2-c8bcd93f345b",
              "isHook": false,
              "skipped": false
            },
            {
              "title": "Verify user is able to create a new investment plan",
              "fullTitle": "Create plan Verify user is able to create a new investment plan",
              "timedOut": null,
              "duration": 26583,
              "state": "failed",
              "speed": null,
              "pass": false,
              "fail": true,
              "pending": false,
              "context": null,
              "code": "const name = createPlan.generatePlanName();\nconst amount = createPlan.generateRandomAmount();\nconst percent = createPlan.getRandomPercentage(); // Generate random percentage\nconst age = createPlan.getRandomRetirementAge(); // Generate random retirement age\ncreatePlan.investmentPlan(name, amount, percent, age);\ncreatePlan.assertSuccess(); // Assert success message\ncreatePlan.deletePlans(); // Clean up by deleting created plans",
              "err": {
                "message": "Error: Syntax error, unrecognized expression: button[normalize-space()=\"Continue\"]",
                "estack": "Error: Syntax error, unrecognized expression: button[normalize-space()=\"Continue\"]\n    at Sizzle.error (https://app.risevest.com/__cypress/runner/cypress_runner.js:8442:8)\n    at Sizzle.tokenize (https://app.risevest.com/__cypress/runner/cypress_runner.js:9098:11)\n    at Sizzle.select (https://app.risevest.com/__cypress/runner/cypress_runner.js:9525:20)\n    at Function.Sizzle [as find] (https://app.risevest.com/__cypress/runner/cypress_runner.js:7746:9)\n    at jQuery.fn.init.find (https://app.risevest.com/__cypress/runner/cypress_runner.js:9778:11)\n    at new jQuery.fn.init (https://app.risevest.com/__cypress/runner/cypress_runner.js:9893:40)\n    at Object.query (https://app.risevest.com/__cypress/runner/cypress_runner.js:35110:10)\n    at $Cy.$$ (https://app.risevest.com/__cypress/runner/cypress_runner.js:140103:57)\n    at <unknown> (https://app.risevest.com/__cypress/runner/cypress_runner.js:132023:18)\n    at Object.subjectFn (https://app.risevest.com/__cypress/runner/cypress_runner.js:143919:16)\n    at $Cy.verifyUpcomingAssertions (https://app.risevest.com/__cypress/runner/cypress_runner.js:143258:31)\n    at onRetry (https://app.risevest.com/__cypress/runner/cypress_runner.js:143910:15)\n    at retryQuery (https://app.risevest.com/__cypress/runner/cypress_runner.js:143923:10)\n    at <unknown> (https://app.risevest.com/__cypress/runner/cypress_runner.js:144073:17)\n    at tryCatcher (https://app.risevest.com/__cypress/runner/cypress_runner.js:1807:23)\n    at Promise._settlePromiseFromHandler (https://app.risevest.com/__cypress/runner/cypress_runner.js:1519:31)\n    at Promise._settlePromise (https://app.risevest.com/__cypress/runner/cypress_runner.js:1576:18)\n    at Promise._settlePromiseCtx (https://app.risevest.com/__cypress/runner/cypress_runner.js:1613:10)\n    at _drainQueueStep (https://app.risevest.com/__cypress/runner/cypress_runner.js:2411:12)\n    at _drainQueue (https://app.risevest.com/__cypress/runner/cypress_runner.js:2400:9)\n    at Async._drainQueues (https://app.risevest.com/__cypress/runner/cypress_runner.js:2416:5)\n    at Async.drainQueues (https://app.risevest.com/__cypress/runner/cypress_runner.js:2286:14)",
                "diff": null
              },
              "uuid": "acf98396-5767-43d3-90e7-b889f24c87fb",
              "parentUUID": "ad61215a-cb3e-4e16-8fc2-c8bcd93f345b",
              "isHook": false,
              "skipped": false
            },
            {
              "title": "Verify user is able to create a School naira plan successfully",
              "fullTitle": "Create plan Verify user is able to create a School naira plan successfully",
              "timedOut": null,
              "duration": 0,
              "state": "pending",
              "speed": null,
              "pass": false,
              "fail": false,
              "pending": true,
              "context": null,
              "code": "const name = createPlan.generatePlanName();\nconst amount = createPlan.generateRandomAmount();\nconst date = createPlan.generateRandomFutureDate();\ncreatePlan.nairaSchoolPlan(name, amount, date);\ncreatePlan.assertSuccess();\ncreatePlan.deletePlans();",
              "err": {},
              "uuid": "b9160c79-e2e4-4731-8b9b-ba147f89d731",
              "parentUUID": "ad61215a-cb3e-4e16-8fc2-c8bcd93f345b",
              "isHook": false,
              "skipped": false
            },
            {
              "title": "Verify user is able to create a School USD plan successfully",
              "fullTitle": "Create plan Verify user is able to create a School USD plan successfully",
              "timedOut": null,
              "duration": 0,
              "state": "pending",
              "speed": null,
              "pass": false,
              "fail": false,
              "pending": true,
              "context": null,
              "code": "const name = createPlan.generatePlanName();\nconst amount = createPlan.generateRandomAmount();\nconst date = createPlan.generateRandomFutureDate();\ncreatePlan.usdSchoolPlan(name, amount, date);\ncreatePlan.assertSuccess();\ncreatePlan.deletePlans();",
              "err": {},
              "uuid": "b1728556-c953-4d3e-ba07-d17c09f0b9a4",
              "parentUUID": "ad61215a-cb3e-4e16-8fc2-c8bcd93f345b",
              "isHook": false,
              "skipped": false
            },
            {
              "title": "User is able to create real estate plan and display correct percentage for 12 months",
              "fullTitle": "Create plan User is able to create real estate plan and display correct percentage for 12 months",
              "timedOut": null,
              "duration": 0,
              "state": "pending",
              "speed": null,
              "pass": false,
              "fail": false,
              "pending": true,
              "context": null,
              "code": "const name = `Real estate plan test case for ${months} months`;\nconst planName = createPlan.generatePlanName();\n// Log the values being used for clarity\ncy.log(`Creating a plan with name: ${name}`);\ncy.log(`Selecting month: ${months} and expecting percentage: ${expectedPercentage}%`);\n// Complete the plan flow, select the month, and assert the percentage\ncreatePlan.completeRealEstatePlan(planName, months, expectedPercentage);\ncreatePlan.assertSuccess();\ncreatePlan.deletePlans();",
              "err": {},
              "uuid": "a064b4ad-f71c-4e9a-a6bc-5b89d42f64de",
              "parentUUID": "ad61215a-cb3e-4e16-8fc2-c8bcd93f345b",
              "isHook": false,
              "skipped": false
            },
            {
              "title": "User is able to create real estate plan and display correct percentage for 6 months",
              "fullTitle": "Create plan User is able to create real estate plan and display correct percentage for 6 months",
              "timedOut": null,
              "duration": 0,
              "state": "pending",
              "speed": null,
              "pass": false,
              "fail": false,
              "pending": true,
              "context": null,
              "code": "const name = `Real estate plan test case for ${months} months`;\nconst planName = createPlan.generatePlanName();\n// Log the values being used for clarity\ncy.log(`Creating a plan with name: ${name}`);\ncy.log(`Selecting month: ${months} and expecting percentage: ${expectedPercentage}%`);\n// Complete the plan flow, select the month, and assert the percentage\ncreatePlan.completeRealEstatePlan(planName, months, expectedPercentage);\ncreatePlan.assertSuccess();\ncreatePlan.deletePlans();",
              "err": {},
              "uuid": "204b708d-27db-4f99-b322-88ab49d13f87",
              "parentUUID": "ad61215a-cb3e-4e16-8fc2-c8bcd93f345b",
              "isHook": false,
              "skipped": false
            },
            {
              "title": "User is able to create real estate plan and display correct percentage for 3 months",
              "fullTitle": "Create plan User is able to create real estate plan and display correct percentage for 3 months",
              "timedOut": null,
              "duration": 0,
              "state": "pending",
              "speed": null,
              "pass": false,
              "fail": false,
              "pending": true,
              "context": null,
              "code": "const name = `Real estate plan test case for ${months} months`;\nconst planName = createPlan.generatePlanName();\n// Log the values being used for clarity\ncy.log(`Creating a plan with name: ${name}`);\ncy.log(`Selecting month: ${months} and expecting percentage: ${expectedPercentage}%`);\n// Complete the plan flow, select the month, and assert the percentage\ncreatePlan.completeRealEstatePlan(planName, months, expectedPercentage);\ncreatePlan.assertSuccess();\ncreatePlan.deletePlans();",
              "err": {},
              "uuid": "1c1cc597-5e10-40eb-a6d4-7961505a0b25",
              "parentUUID": "ad61215a-cb3e-4e16-8fc2-c8bcd93f345b",
              "isHook": false,
              "skipped": false
            },
            {
              "title": "User is able to create fixed income plan and display correct percentage for 12 months",
              "fullTitle": "Create plan User is able to create fixed income plan and display correct percentage for 12 months",
              "timedOut": null,
              "duration": 0,
              "state": "pending",
              "speed": null,
              "pass": false,
              "fail": false,
              "pending": true,
              "context": null,
              "code": "const name = `Fixed income plan test case for ${months} months`;\nconst planName = createPlan.generatePlanName();\n// Log the values being used\ncy.log(`Creating a plan with name: ${name}`);\ncy.log(`Selecting month: ${months} and expecting percentage: ${expectedPercentage}%`);\n// Complete the plan flow, select the month, and assert the percentage\ncreatePlan.completeFixedIncomePlan(planName, months, expectedPercentage);\ncreatePlan.assertSuccess();\ncreatePlan.deletePlans();",
              "err": {},
              "uuid": "6d32372f-b08d-4152-b658-516e64fc9c64",
              "parentUUID": "ad61215a-cb3e-4e16-8fc2-c8bcd93f345b",
              "isHook": false,
              "skipped": false
            },
            {
              "title": "User is able to create fixed income plan and display correct percentage for 6 months",
              "fullTitle": "Create plan User is able to create fixed income plan and display correct percentage for 6 months",
              "timedOut": null,
              "duration": 0,
              "state": "pending",
              "speed": null,
              "pass": false,
              "fail": false,
              "pending": true,
              "context": null,
              "code": "const name = `Fixed income plan test case for ${months} months`;\nconst planName = createPlan.generatePlanName();\n// Log the values being used\ncy.log(`Creating a plan with name: ${name}`);\ncy.log(`Selecting month: ${months} and expecting percentage: ${expectedPercentage}%`);\n// Complete the plan flow, select the month, and assert the percentage\ncreatePlan.completeFixedIncomePlan(planName, months, expectedPercentage);\ncreatePlan.assertSuccess();\ncreatePlan.deletePlans();",
              "err": {},
              "uuid": "e9fa934f-c8c7-4e1a-b017-3ce0d9968123",
              "parentUUID": "ad61215a-cb3e-4e16-8fc2-c8bcd93f345b",
              "isHook": false,
              "skipped": false
            },
            {
              "title": "User is able to create fixed income plan and display correct percentage for 3 months",
              "fullTitle": "Create plan User is able to create fixed income plan and display correct percentage for 3 months",
              "timedOut": null,
              "duration": 0,
              "state": "pending",
              "speed": null,
              "pass": false,
              "fail": false,
              "pending": true,
              "context": null,
              "code": "const name = `Fixed income plan test case for ${months} months`;\nconst planName = createPlan.generatePlanName();\n// Log the values being used\ncy.log(`Creating a plan with name: ${name}`);\ncy.log(`Selecting month: ${months} and expecting percentage: ${expectedPercentage}%`);\n// Complete the plan flow, select the month, and assert the percentage\ncreatePlan.completeFixedIncomePlan(planName, months, expectedPercentage);\ncreatePlan.assertSuccess();\ncreatePlan.deletePlans();",
              "err": {},
              "uuid": "71d8c532-b86a-44a2-84b3-62fe78570ea2",
              "parentUUID": "ad61215a-cb3e-4e16-8fc2-c8bcd93f345b",
              "isHook": false,
              "skipped": false
            },
            {
              "title": "Verify user is unable to create plan with a past date",
              "fullTitle": "Create plan Verify user is unable to create plan with a past date",
              "timedOut": null,
              "duration": 0,
              "state": "pending",
              "speed": null,
              "pass": false,
              "fail": false,
              "pending": true,
              "context": null,
              "code": "const name = createPlan.generatePlanName();\nconst amount = createPlan.generateRandomAmount();\nconst date = \"22-03-2022\"; // Past date\ncreatePlan.nairaBusinessPlan(name, amount, date);\ncreatePlan.assertDateFailure(); // Assert failure due to past date",
              "err": {},
              "uuid": "9acc887c-00e6-4387-95dd-d2ffc9dd6015",
              "parentUUID": "ad61215a-cb3e-4e16-8fc2-c8bcd93f345b",
              "isHook": false,
              "skipped": false
            },
            {
              "title": "Verify user is unable to create plan with a invalid date",
              "fullTitle": "Create plan Verify user is unable to create plan with a invalid date",
              "timedOut": null,
              "duration": 0,
              "state": "pending",
              "speed": null,
              "pass": false,
              "fail": false,
              "pending": true,
              "context": null,
              "code": "const name = createPlan.generatePlanName();\nconst amount = createPlan.generateRandomAmount();\nconst date = \"23-04-0000\"; // Invalid date format\ncreatePlan.nairaBusinessPlan(name, amount, date);\ncreatePlan.assertDateFailure(); // Assert failure due to invalid date",
              "err": {},
              "uuid": "d821fb29-ae05-44ed-8178-02bbfd818f28",
              "parentUUID": "ad61215a-cb3e-4e16-8fc2-c8bcd93f345b",
              "isHook": false,
              "skipped": false
            }
          ],
          "suites": [],
          "passes": [],
          "failures": [
            "acf98396-5767-43d3-90e7-b889f24c87fb"
          ],
          "pending": [
            "e998f2ca-d4d2-49eb-bfa4-7842226f7cc2",
            "4f0ca444-a596-448c-9b35-ad7815deffbb",
            "b9160c79-e2e4-4731-8b9b-ba147f89d731",
            "b1728556-c953-4d3e-ba07-d17c09f0b9a4",
            "a064b4ad-f71c-4e9a-a6bc-5b89d42f64de",
            "204b708d-27db-4f99-b322-88ab49d13f87",
            "1c1cc597-5e10-40eb-a6d4-7961505a0b25",
            "6d32372f-b08d-4152-b658-516e64fc9c64",
            "e9fa934f-c8c7-4e1a-b017-3ce0d9968123",
            "71d8c532-b86a-44a2-84b3-62fe78570ea2",
            "9acc887c-00e6-4387-95dd-d2ffc9dd6015",
            "d821fb29-ae05-44ed-8178-02bbfd818f28"
          ],
          "skipped": [],
          "duration": 26583,
          "root": false,
          "rootEmpty": false,
          "_timeout": 2000
        }
      ],
      "passes": [],
      "failures": [],
      "pending": [],
      "skipped": [],
      "duration": 0,
      "root": true,
      "rootEmpty": true,
      "_timeout": 2000
    }
  ],
  "meta": {
    "mocha": {
      "version": "7.0.1"
    },
    "mochawesome": {
      "options": {
        "quiet": false,
        "reportFilename": "mochawesome",
        "saveHtml": true,
        "saveJson": true,
        "consoleReporter": "spec",
        "useInlineDiffs": false,
        "code": true
      },
      "version": "7.1.3"
    },
    "marge": {
      "options": {
        "reportDir": "cypress/reports/mochawesome",
        "overwrite": false,
        "html": true,
        "json": true
      },
      "version": "6.2.0"
    }
  }
}