{
  "stats": {
    "suites": 1,
    "tests": 1,
    "passes": 0,
    "pending": 0,
    "failures": 1,
    "start": "2024-10-24T06:04:12.176Z",
    "end": "2024-10-24T06:04:38.068Z",
    "duration": 25892,
    "testsRegistered": 1,
    "passPercent": 0,
    "pendingPercent": 0,
    "other": 0,
    "hasOther": false,
    "skipped": 0,
    "hasSkipped": false
  },
  "results": [
    {
      "uuid": "0345beea-9cff-4167-a50e-52211fb7d51d",
      "title": "",
      "fullFile": "cypress\\tests\\ViewWallet.spec.js",
      "file": "cypress\\tests\\ViewWallet.spec.js",
      "beforeHooks": [],
      "afterHooks": [],
      "tests": [],
      "suites": [
        {
          "uuid": "83f3da3b-f045-47b4-9bf6-8523a0894304",
          "title": "User view wallet process",
          "fullFile": "",
          "file": "",
          "beforeHooks": [],
          "afterHooks": [],
          "tests": [
            {
              "title": "Verify user is able to view wallet successfully",
              "fullTitle": "User view wallet process Verify user is able to view wallet successfully",
              "timedOut": null,
              "duration": 25788,
              "state": "failed",
              "speed": null,
              "pass": false,
              "fail": true,
              "pending": false,
              "context": null,
              "code": "viewWallet.openWallet(); // Navigate to the wallet page\nviewWallet.assertBalance(); // Assert that the wallet balance is displayed correctly",
              "err": {
                "message": "AssertionError: Timed out retrying after 12000ms: Expected to find element: `//span[normalize-space()='Wallet']`, but never found it.",
                "estack": "AssertionError: Timed out retrying after 12000ms: Expected to find element: `//span[normalize-space()='Wallet']`, but never found it.\n    at walletButton (webpack://risevest/./cypress/pageObjects/viewWalletPage.js:5:31)\n    at openWallet (webpack://risevest/./cypress/pageObjects/viewWalletPage.js:16:22)\n    at  (webpack://risevest/./cypress/tests/ViewWallet.spec.js:25:19)\n    at __webpack_modules__</setRunnable/runnable.fn (https://app.risevest.com/__cypress/runner/cypress_runner.js:138412:43)\n    at callFn (https://app.risevest.com/__cypress/runner/cypress_runner.js:157028:21)\n    at __webpack_modules__</Runnable.prototype.run (https://app.risevest.com/__cypress/runner/cypress_runner.js:157015:13)\n    at __webpack_modules__</create/onRunnableRun (https://app.risevest.com/__cypress/runner/cypress_runner.js:162939:30)\n    at finallyHandler (https://app.risevest.com/__cypress/runner/cypress_runner.js:4072:23)\n    at tryCatcher (https://app.risevest.com/__cypress/runner/cypress_runner.js:1807:23)\n    at __webpack_modules__</module.exports/Promise.prototype._settlePromiseFromHandler (https://app.risevest.com/__cypress/runner/cypress_runner.js:1519:31)\n    at __webpack_modules__</module.exports/Promise.prototype._settlePromise (https://app.risevest.com/__cypress/runner/cypress_runner.js:1576:18)\n    at __webpack_modules__</module.exports/Promise.prototype._settlePromise0 (https://app.risevest.com/__cypress/runner/cypress_runner.js:1621:10)\n    at __webpack_modules__</module.exports/Promise.prototype._settlePromises (https://app.risevest.com/__cypress/runner/cypress_runner.js:1701:18)\n    at _drainQueueStep (https://app.risevest.com/__cypress/runner/cypress_runner.js:2407:12)\n    at _drainQueue (https://app.risevest.com/__cypress/runner/cypress_runner.js:2400:24)\n    at __webpack_modules__</Async.prototype._drainQueues (https://app.risevest.com/__cypress/runner/cypress_runner.js:2416:16)\n    at __webpack_modules__</Async/this.drainQueues (https://app.risevest.com/__cypress/runner/cypress_runner.js:2286:14)",
                "diff": null
              },
              "uuid": "94338808-2017-473d-bc54-2155e138aac7",
              "parentUUID": "83f3da3b-f045-47b4-9bf6-8523a0894304",
              "isHook": false,
              "skipped": false
            }
          ],
          "suites": [],
          "passes": [],
          "failures": [
            "94338808-2017-473d-bc54-2155e138aac7"
          ],
          "pending": [],
          "skipped": [],
          "duration": 25788,
          "root": false,
          "rootEmpty": false,
          "_timeout": 2000
        }
      ],
      "passes": [],
      "failures": [],
      "pending": [],
      "skipped": [],
      "duration": 0,
      "root": true,
      "rootEmpty": true,
      "_timeout": 2000
    }
  ],
  "meta": {
    "mocha": {
      "version": "7.0.1"
    },
    "mochawesome": {
      "options": {
        "quiet": false,
        "reportFilename": "mochawesome",
        "saveHtml": true,
        "saveJson": true,
        "consoleReporter": "spec",
        "useInlineDiffs": false,
        "code": true
      },
      "version": "7.1.3"
    },
    "marge": {
      "options": {
        "reportDir": "cypress/reports/mochawesome",
        "overwrite": false,
        "html": true,
        "json": true
      },
      "version": "6.2.0"
    }
  }
}