{
  "stats": {
    "suites": 1,
    "tests": 1,
    "passes": 1,
    "pending": 0,
    "failures": 0,
    "start": "2024-10-23T20:40:16.785Z",
    "end": "2024-10-23T20:40:50.729Z",
    "duration": 33944,
    "testsRegistered": 1,
    "passPercent": 100,
    "pendingPercent": 0,
    "other": 0,
    "hasOther": false,
    "skipped": 0,
    "hasSkipped": false
  },
  "results": [
    {
      "uuid": "8b51d5ce-bd64-4d3b-b587-bc84b8deb711",
      "title": "",
      "fullFile": "cypress\\tests\\ViewPlans.spec.js",
      "file": "cypress\\tests\\ViewPlans.spec.js",
      "beforeHooks": [],
      "afterHooks": [],
      "tests": [],
      "suites": [
        {
          "uuid": "c21dec96-71dc-4eec-8a37-1d125a130e90",
          "title": "View plans",
          "fullFile": "",
          "file": "",
          "beforeHooks": [],
          "afterHooks": [],
          "tests": [
            {
              "title": "Verify user is able to view plans",
              "fullTitle": "View plans Verify user is able to view plans",
              "timedOut": null,
              "duration": 33809,
              "state": "passed",
              "speed": "slow",
              "pass": true,
              "fail": false,
              "pending": false,
              "context": null,
              "code": "// Click on the plans button to navigate to the plans page\nviewPlans.clickPlansButton();\n// Assert that plans are displayed successfully\nviewPlans.assertPlans();",
              "err": {},
              "uuid": "998df333-9d11-4697-89bd-373ca86e02e3",
              "parentUUID": "c21dec96-71dc-4eec-8a37-1d125a130e90",
              "isHook": false,
              "skipped": false
            }
          ],
          "suites": [],
          "passes": [
            "998df333-9d11-4697-89bd-373ca86e02e3"
          ],
          "failures": [],
          "pending": [],
          "skipped": [],
          "duration": 33809,
          "root": false,
          "rootEmpty": false,
          "_timeout": 2000
        }
      ],
      "passes": [],
      "failures": [],
      "pending": [],
      "skipped": [],
      "duration": 0,
      "root": true,
      "rootEmpty": true,
      "_timeout": 2000
    }
  ],
  "meta": {
    "mocha": {
      "version": "7.0.1"
    },
    "mochawesome": {
      "options": {
        "quiet": false,
        "reportFilename": "mochawesome",
        "saveHtml": true,
        "saveJson": true,
        "consoleReporter": "spec",
        "useInlineDiffs": false,
        "code": true
      },
      "version": "7.1.3"
    },
    "marge": {
      "options": {
        "reportDir": "cypress/reports/mochawesome",
        "overwrite": false,
        "html": true,
        "json": true
      },
      "version": "6.2.0"
    }
  }
}