{
  "stats": {
    "suites": 1,
    "tests": 1,
    "passes": 0,
    "pending": 13,
    "failures": -12,
    "start": "2024-10-24T15:27:23.111Z",
    "end": "2024-10-24T15:27:23.214Z",
    "duration": 103,
    "testsRegistered": 13,
    "passPercent": null,
    "pendingPercent": 100,
    "other": 12,
    "hasOther": true,
    "skipped": 0,
    "hasSkipped": false
  },
  "results": [
    {
      "uuid": "c0630999-c09a-4ab2-af6c-538c0af71a2c",
      "title": "",
      "fullFile": "cypress\\tests\\CreatePlan.spec.js",
      "file": "cypress\\tests\\CreatePlan.spec.js",
      "beforeHooks": [],
      "afterHooks": [],
      "tests": [],
      "suites": [
        {
          "uuid": "6bad2ac0-0d15-4ffe-9e09-b01da0918661",
          "title": "Create plan",
          "fullFile": "",
          "file": "",
          "beforeHooks": [],
          "afterHooks": [],
          "tests": [
            {
              "title": "Verify user is able to create a business USD plan successfully",
              "fullTitle": "Create plan Verify user is able to create a business USD plan successfully",
              "timedOut": null,
              "duration": 0,
              "state": "pending",
              "speed": null,
              "pass": false,
              "fail": false,
              "pending": true,
              "context": null,
              "code": "const name = createPlan.generatePlanName(); // Generate a random plan name\nconst amount = createPlan.generateRandomAmount(); // Generate a random amount\nconst date = createPlan.generateRandomFutureDate(); // Generate a random future date\n// Create the USD business plan with generated values\ncreatePlan.usdBusinessPlan(name, amount, date);\n// Assert that the success message appears\ncreatePlan.assertSuccess();\n// Delete the created plans for cleanup\ncreatePlan.deletePlans();",
              "err": {},
              "uuid": "e4ef1e98-f8f9-4f0b-8276-e9707d2eb2f2",
              "parentUUID": "6bad2ac0-0d15-4ffe-9e09-b01da0918661",
              "isHook": false,
              "skipped": false
            },
            {
              "title": "Verify user is able to create a business naira plan successfully",
              "fullTitle": "Create plan Verify user is able to create a business naira plan successfully",
              "timedOut": null,
              "duration": 0,
              "state": "pending",
              "speed": null,
              "pass": false,
              "fail": false,
              "pending": true,
              "context": null,
              "code": "const name = createPlan.generatePlanName();\nconst amount = createPlan.generateRandomAmount();\nconst date = createPlan.generateRandomFutureDate();\ncreatePlan.nairaBusinessPlan(name, amount, date);\ncreatePlan.assertSuccess();\ncreatePlan.deletePlans();",
              "err": {},
              "uuid": "b6395a6e-bdb4-438f-96ca-304a35fb080e",
              "parentUUID": "6bad2ac0-0d15-4ffe-9e09-b01da0918661",
              "isHook": false,
              "skipped": false
            },
            {
              "title": "Verify user is able to create a new investment plan",
              "fullTitle": "Create plan Verify user is able to create a new investment plan",
              "timedOut": null,
              "duration": 0,
              "state": "pending",
              "speed": null,
              "pass": false,
              "fail": false,
              "pending": true,
              "context": null,
              "code": "const name = createPlan.generatePlanName();\nconst amount = createPlan.generateRandomAmount();\nconst percent = createPlan.getRandomPercentage(); // Generate random percentage\nconst age = createPlan.getRandomRetirementAge(); // Generate random retirement age\ncreatePlan.investmentPlan(name, amount, percent, age);\ncreatePlan.assertSuccess(); // Assert success message\ncreatePlan.deletePlans(); // Clean up by deleting created plans",
              "err": {},
              "uuid": "4b6b8b01-f4e4-4e8e-acf9-b4d14af9b2ea",
              "parentUUID": "6bad2ac0-0d15-4ffe-9e09-b01da0918661",
              "isHook": false,
              "skipped": false
            },
            {
              "title": "Verify user is able to create a School naira plan successfully",
              "fullTitle": "Create plan Verify user is able to create a School naira plan successfully",
              "timedOut": null,
              "duration": 0,
              "state": "pending",
              "speed": null,
              "pass": false,
              "fail": false,
              "pending": true,
              "context": null,
              "code": "const name = createPlan.generatePlanName();\nconst amount = createPlan.generateRandomAmount();\nconst date = createPlan.generateRandomFutureDate();\ncreatePlan.nairaSchoolPlan(name, amount, date);\ncreatePlan.assertSuccess();\ncreatePlan.deletePlans();",
              "err": {},
              "uuid": "864582d2-4e16-4657-b204-8b35fe12cb0a",
              "parentUUID": "6bad2ac0-0d15-4ffe-9e09-b01da0918661",
              "isHook": false,
              "skipped": false
            },
            {
              "title": "Verify user is able to create a School USD plan successfully",
              "fullTitle": "Create plan Verify user is able to create a School USD plan successfully",
              "timedOut": null,
              "duration": 0,
              "state": "pending",
              "speed": null,
              "pass": false,
              "fail": false,
              "pending": true,
              "context": null,
              "code": "const name = createPlan.generatePlanName();\nconst amount = createPlan.generateRandomAmount();\nconst date = createPlan.generateRandomFutureDate();\ncreatePlan.usdSchoolPlan(name, amount, date);\ncreatePlan.assertSuccess();\ncreatePlan.deletePlans();",
              "err": {},
              "uuid": "1017b030-c3cc-4e3f-866f-6f8ba15af3cd",
              "parentUUID": "6bad2ac0-0d15-4ffe-9e09-b01da0918661",
              "isHook": false,
              "skipped": false
            },
            {
              "title": "User is able to create real estate plan and display correct percentage for 12 months",
              "fullTitle": "Create plan User is able to create real estate plan and display correct percentage for 12 months",
              "timedOut": null,
              "duration": 0,
              "state": "pending",
              "speed": null,
              "pass": false,
              "fail": false,
              "pending": true,
              "context": null,
              "code": "const name = `Real estate plan test case for ${months} months`;\nconst planName = createPlan.generatePlanName();\n// Log the values being used for clarity\ncy.log(`Creating a plan with name: ${name}`);\ncy.log(`Selecting month: ${months} and expecting percentage: ${expectedPercentage}%`);\n// Complete the plan flow, select the month, and assert the percentage\ncreatePlan.completeRealEstatePlan(planName, months, expectedPercentage);\ncreatePlan.assertSuccess();\ncreatePlan.deletePlans();",
              "err": {},
              "uuid": "fe9243bd-ddfe-430a-bef9-29568e496205",
              "parentUUID": "6bad2ac0-0d15-4ffe-9e09-b01da0918661",
              "isHook": false,
              "skipped": false
            },
            {
              "title": "User is able to create real estate plan and display correct percentage for 6 months",
              "fullTitle": "Create plan User is able to create real estate plan and display correct percentage for 6 months",
              "timedOut": null,
              "duration": 0,
              "state": "pending",
              "speed": null,
              "pass": false,
              "fail": false,
              "pending": true,
              "context": null,
              "code": "const name = `Real estate plan test case for ${months} months`;\nconst planName = createPlan.generatePlanName();\n// Log the values being used for clarity\ncy.log(`Creating a plan with name: ${name}`);\ncy.log(`Selecting month: ${months} and expecting percentage: ${expectedPercentage}%`);\n// Complete the plan flow, select the month, and assert the percentage\ncreatePlan.completeRealEstatePlan(planName, months, expectedPercentage);\ncreatePlan.assertSuccess();\ncreatePlan.deletePlans();",
              "err": {},
              "uuid": "3562c7b4-ef21-49e7-ae16-3667cf19d02c",
              "parentUUID": "6bad2ac0-0d15-4ffe-9e09-b01da0918661",
              "isHook": false,
              "skipped": false
            },
            {
              "title": "User is able to create real estate plan and display correct percentage for 3 months",
              "fullTitle": "Create plan User is able to create real estate plan and display correct percentage for 3 months",
              "timedOut": null,
              "duration": 0,
              "state": "pending",
              "speed": null,
              "pass": false,
              "fail": false,
              "pending": true,
              "context": null,
              "code": "const name = `Real estate plan test case for ${months} months`;\nconst planName = createPlan.generatePlanName();\n// Log the values being used for clarity\ncy.log(`Creating a plan with name: ${name}`);\ncy.log(`Selecting month: ${months} and expecting percentage: ${expectedPercentage}%`);\n// Complete the plan flow, select the month, and assert the percentage\ncreatePlan.completeRealEstatePlan(planName, months, expectedPercentage);\ncreatePlan.assertSuccess();\ncreatePlan.deletePlans();",
              "err": {},
              "uuid": "e1a6e17d-2f10-485d-a321-89cd6d2b7fb3",
              "parentUUID": "6bad2ac0-0d15-4ffe-9e09-b01da0918661",
              "isHook": false,
              "skipped": false
            },
            {
              "title": "User is able to create fixed income plan and display correct percentage for 12 months",
              "fullTitle": "Create plan User is able to create fixed income plan and display correct percentage for 12 months",
              "timedOut": null,
              "duration": 0,
              "state": "pending",
              "speed": null,
              "pass": false,
              "fail": false,
              "pending": true,
              "context": null,
              "code": "const name = `Fixed income plan test case for ${months} months`;\nconst planName = createPlan.generatePlanName();\n// Log the values being used\ncy.log(`Creating a plan with name: ${name}`);\ncy.log(`Selecting month: ${months} and expecting percentage: ${expectedPercentage}%`);\n// Complete the plan flow, select the month, and assert the percentage\ncreatePlan.completeFixedIncomePlan(planName, months, expectedPercentage);\ncreatePlan.assertSuccess();\ncreatePlan.deletePlans();",
              "err": {},
              "uuid": "cc6f4aed-15ee-4939-8c08-490da6201535",
              "parentUUID": "6bad2ac0-0d15-4ffe-9e09-b01da0918661",
              "isHook": false,
              "skipped": false
            },
            {
              "title": "User is able to create fixed income plan and display correct percentage for 6 months",
              "fullTitle": "Create plan User is able to create fixed income plan and display correct percentage for 6 months",
              "timedOut": null,
              "duration": 0,
              "state": "pending",
              "speed": null,
              "pass": false,
              "fail": false,
              "pending": true,
              "context": null,
              "code": "const name = `Fixed income plan test case for ${months} months`;\nconst planName = createPlan.generatePlanName();\n// Log the values being used\ncy.log(`Creating a plan with name: ${name}`);\ncy.log(`Selecting month: ${months} and expecting percentage: ${expectedPercentage}%`);\n// Complete the plan flow, select the month, and assert the percentage\ncreatePlan.completeFixedIncomePlan(planName, months, expectedPercentage);\ncreatePlan.assertSuccess();\ncreatePlan.deletePlans();",
              "err": {},
              "uuid": "a2ae2e74-833f-4920-a869-a6d05b447482",
              "parentUUID": "6bad2ac0-0d15-4ffe-9e09-b01da0918661",
              "isHook": false,
              "skipped": false
            },
            {
              "title": "User is able to create fixed income plan and display correct percentage for 3 months",
              "fullTitle": "Create plan User is able to create fixed income plan and display correct percentage for 3 months",
              "timedOut": null,
              "duration": 0,
              "state": "pending",
              "speed": null,
              "pass": false,
              "fail": false,
              "pending": true,
              "context": null,
              "code": "const name = `Fixed income plan test case for ${months} months`;\nconst planName = createPlan.generatePlanName();\n// Log the values being used\ncy.log(`Creating a plan with name: ${name}`);\ncy.log(`Selecting month: ${months} and expecting percentage: ${expectedPercentage}%`);\n// Complete the plan flow, select the month, and assert the percentage\ncreatePlan.completeFixedIncomePlan(planName, months, expectedPercentage);\ncreatePlan.assertSuccess();\ncreatePlan.deletePlans();",
              "err": {},
              "uuid": "18c197ee-c3e7-4a3b-bf94-5ac31f8795ea",
              "parentUUID": "6bad2ac0-0d15-4ffe-9e09-b01da0918661",
              "isHook": false,
              "skipped": false
            },
            {
              "title": "Verify user is unable to create plan with a past date",
              "fullTitle": "Create plan Verify user is unable to create plan with a past date",
              "timedOut": null,
              "duration": 0,
              "state": "pending",
              "speed": null,
              "pass": false,
              "fail": false,
              "pending": true,
              "context": null,
              "code": "const name = createPlan.generatePlanName();\nconst amount = createPlan.generateRandomAmount();\nconst date = data.pastDate; // Past date\ncreatePlan.nairaBusinessPlan(name, amount, date);\ncreatePlan.assertDateFailure(); // Assert failure due to past date",
              "err": {},
              "uuid": "a30368e2-488a-4128-a480-4ac5d6082c9a",
              "parentUUID": "6bad2ac0-0d15-4ffe-9e09-b01da0918661",
              "isHook": false,
              "skipped": false
            },
            {
              "title": "Verify user is unable to create plan with a invalid date",
              "fullTitle": "Create plan Verify user is unable to create plan with a invalid date",
              "timedOut": null,
              "duration": 0,
              "state": "pending",
              "speed": null,
              "pass": false,
              "fail": false,
              "pending": true,
              "context": null,
              "code": "const name = createPlan.generatePlanName();\nconst amount = createPlan.generateRandomAmount();\nconst date = data.invalidDate; // Invalid date format\ncreatePlan.nairaBusinessPlan(name, amount, date);\ncreatePlan.assertDateFailure(); // Assert failure due to invalid date",
              "err": {},
              "uuid": "3ff0882c-8ebb-44dc-a1d9-3ff3d0309cdb",
              "parentUUID": "6bad2ac0-0d15-4ffe-9e09-b01da0918661",
              "isHook": false,
              "skipped": false
            }
          ],
          "suites": [],
          "passes": [],
          "failures": [],
          "pending": [
            "e4ef1e98-f8f9-4f0b-8276-e9707d2eb2f2",
            "b6395a6e-bdb4-438f-96ca-304a35fb080e",
            "4b6b8b01-f4e4-4e8e-acf9-b4d14af9b2ea",
            "864582d2-4e16-4657-b204-8b35fe12cb0a",
            "1017b030-c3cc-4e3f-866f-6f8ba15af3cd",
            "fe9243bd-ddfe-430a-bef9-29568e496205",
            "3562c7b4-ef21-49e7-ae16-3667cf19d02c",
            "e1a6e17d-2f10-485d-a321-89cd6d2b7fb3",
            "cc6f4aed-15ee-4939-8c08-490da6201535",
            "a2ae2e74-833f-4920-a869-a6d05b447482",
            "18c197ee-c3e7-4a3b-bf94-5ac31f8795ea",
            "a30368e2-488a-4128-a480-4ac5d6082c9a",
            "3ff0882c-8ebb-44dc-a1d9-3ff3d0309cdb"
          ],
          "skipped": [],
          "duration": 0,
          "root": false,
          "rootEmpty": false,
          "_timeout": 2000
        }
      ],
      "passes": [],
      "failures": [],
      "pending": [],
      "skipped": [],
      "duration": 0,
      "root": true,
      "rootEmpty": true,
      "_timeout": 2000
    }
  ],
  "meta": {
    "mocha": {
      "version": "7.0.1"
    },
    "mochawesome": {
      "options": {
        "quiet": false,
        "reportFilename": "mochawesome",
        "saveHtml": true,
        "saveJson": true,
        "consoleReporter": "spec",
        "useInlineDiffs": false,
        "code": true
      },
      "version": "7.1.3"
    },
    "marge": {
      "options": {
        "reportDir": "cypress/reports/mochawesome",
        "overwrite": false,
        "html": true,
        "json": true
      },
      "version": "6.2.0"
    }
  }
}