{
  "stats": {
    "suites": 1,
    "tests": 1,
    "passes": 1,
    "pending": 0,
    "failures": 0,
    "start": "2024-10-24T15:12:06.018Z",
    "end": "2024-10-24T15:12:27.754Z",
    "duration": 21736,
    "testsRegistered": 1,
    "passPercent": 100,
    "pendingPercent": 0,
    "other": 0,
    "hasOther": false,
    "skipped": 0,
    "hasSkipped": false
  },
  "results": [
    {
      "uuid": "79f3b8ab-de2c-42bf-b077-365de1a9b195",
      "title": "",
      "fullFile": "cypress\\tests\\ViewWallet.spec.js",
      "file": "cypress\\tests\\ViewWallet.spec.js",
      "beforeHooks": [],
      "afterHooks": [],
      "tests": [],
      "suites": [
        {
          "uuid": "dcb840f1-84b7-4525-9458-83078e7578ba",
          "title": "User view wallet process",
          "fullFile": "",
          "file": "",
          "beforeHooks": [],
          "afterHooks": [],
          "tests": [
            {
              "title": "Verify user is able to view wallet successfully",
              "fullTitle": "User view wallet process Verify user is able to view wallet successfully",
              "timedOut": null,
              "duration": 17077,
              "state": "passed",
              "speed": "slow",
              "pass": true,
              "fail": false,
              "pending": false,
              "context": null,
              "code": "viewWallet.openWallet(); // Navigate to the wallet page\nviewWallet.assertBalance(); // Assert that the wallet balance is displayed correctly",
              "err": {},
              "uuid": "5f2932e5-d745-46d5-949e-edfcc406dc57",
              "parentUUID": "dcb840f1-84b7-4525-9458-83078e7578ba",
              "isHook": false,
              "skipped": false
            }
          ],
          "suites": [],
          "passes": [
            "5f2932e5-d745-46d5-949e-edfcc406dc57"
          ],
          "failures": [],
          "pending": [],
          "skipped": [],
          "duration": 17077,
          "root": false,
          "rootEmpty": false,
          "_timeout": 2000
        }
      ],
      "passes": [],
      "failures": [],
      "pending": [],
      "skipped": [],
      "duration": 0,
      "root": true,
      "rootEmpty": true,
      "_timeout": 2000
    }
  ],
  "meta": {
    "mocha": {
      "version": "7.0.1"
    },
    "mochawesome": {
      "options": {
        "quiet": false,
        "reportFilename": "mochawesome",
        "saveHtml": true,
        "saveJson": true,
        "consoleReporter": "spec",
        "useInlineDiffs": false,
        "code": true
      },
      "version": "7.1.3"
    },
    "marge": {
      "options": {
        "reportDir": "cypress/reports/mochawesome",
        "overwrite": false,
        "html": true,
        "json": true
      },
      "version": "6.2.0"
    }
  }
}