{
  "stats": {
    "suites": 1,
    "tests": 1,
    "passes": 1,
    "pending": 0,
    "failures": 0,
    "start": "2024-10-24T04:35:22.437Z",
    "end": "2024-10-24T04:35:33.918Z",
    "duration": 11481,
    "testsRegistered": 1,
    "passPercent": 100,
    "pendingPercent": 0,
    "other": 0,
    "hasOther": false,
    "skipped": 0,
    "hasSkipped": false
  },
  "results": [
    {
      "uuid": "e120d88b-5761-4e56-9231-b4790ce5ea4b",
      "title": "",
      "fullFile": "cypress\\tests\\ViewPlans.spec.js",
      "file": "cypress\\tests\\ViewPlans.spec.js",
      "beforeHooks": [],
      "afterHooks": [],
      "tests": [],
      "suites": [
        {
          "uuid": "eff4912a-6ee8-4f08-92f3-488a7a8bd034",
          "title": "View plans",
          "fullFile": "",
          "file": "",
          "beforeHooks": [],
          "afterHooks": [],
          "tests": [
            {
              "title": "Verify user is able to view plans",
              "fullTitle": "View plans Verify user is able to view plans",
              "timedOut": null,
              "duration": 11262,
              "state": "passed",
              "speed": "slow",
              "pass": true,
              "fail": false,
              "pending": false,
              "context": null,
              "code": "// Click on the plans button to navigate to the plans page\nviewPlans.clickPlansButton();\n// Assert that plans are displayed successfully\nviewPlans.assertPlans();",
              "err": {},
              "uuid": "2545d513-ca48-49f9-9604-635f29468182",
              "parentUUID": "eff4912a-6ee8-4f08-92f3-488a7a8bd034",
              "isHook": false,
              "skipped": false
            }
          ],
          "suites": [],
          "passes": [
            "2545d513-ca48-49f9-9604-635f29468182"
          ],
          "failures": [],
          "pending": [],
          "skipped": [],
          "duration": 11262,
          "root": false,
          "rootEmpty": false,
          "_timeout": 2000
        }
      ],
      "passes": [],
      "failures": [],
      "pending": [],
      "skipped": [],
      "duration": 0,
      "root": true,
      "rootEmpty": true,
      "_timeout": 2000
    }
  ],
  "meta": {
    "mocha": {
      "version": "7.0.1"
    },
    "mochawesome": {
      "options": {
        "quiet": false,
        "reportFilename": "mochawesome",
        "saveHtml": true,
        "saveJson": true,
        "consoleReporter": "spec",
        "useInlineDiffs": false,
        "code": true
      },
      "version": "7.1.3"
    },
    "marge": {
      "options": {
        "reportDir": "cypress/reports/mochawesome",
        "overwrite": false,
        "html": true,
        "json": true
      },
      "version": "6.2.0"
    }
  }
}