{
  "stats": {
    "suites": 1,
    "tests": 7,
    "passes": 7,
    "pending": 0,
    "failures": 0,
    "start": "2024-10-24T04:37:04.637Z",
    "end": "2024-10-24T04:38:10.660Z",
    "duration": 66023,
    "testsRegistered": 7,
    "passPercent": 100,
    "pendingPercent": 0,
    "other": 0,
    "hasOther": false,
    "skipped": 0,
    "hasSkipped": false
  },
  "results": [
    {
      "uuid": "9fc603fc-f03d-4288-a680-5fe7dacdbce8",
      "title": "",
      "fullFile": "cypress\\tests\\Signin.spec.js",
      "file": "cypress\\tests\\Signin.spec.js",
      "beforeHooks": [],
      "afterHooks": [],
      "tests": [],
      "suites": [
        {
          "uuid": "976b19ef-82ad-4ccb-ac6e-00c612df3242",
          "title": "User sign in process",
          "fullFile": "",
          "file": "",
          "beforeHooks": [],
          "afterHooks": [],
          "tests": [
            {
              "title": "Verify user is able to sign in successfully",
              "fullTitle": "User sign in process Verify user is able to sign in successfully",
              "timedOut": null,
              "duration": 13799,
              "state": "passed",
              "speed": "slow",
              "pass": true,
              "fail": false,
              "pending": false,
              "context": null,
              "code": "const email = data.validEmail; // Get valid email from test data\nconst password = data.password; // Get valid password from test data\nsignIn.signIn(email, password); // Perform sign-in action\nsignIn.assertSuccess(); // Assert successful sign-in",
              "err": {},
              "uuid": "f261d65f-88e6-41a8-a01e-0e9cb3bebc48",
              "parentUUID": "976b19ef-82ad-4ccb-ac6e-00c612df3242",
              "isHook": false,
              "skipped": false
            },
            {
              "title": "Verify user is unable to sign in with a wrong email address",
              "fullTitle": "User sign in process Verify user is unable to sign in with a wrong email address",
              "timedOut": null,
              "duration": 11715,
              "state": "passed",
              "speed": "slow",
              "pass": true,
              "fail": false,
              "pending": false,
              "context": null,
              "code": "const email = data.wrongEmail; // Get wrong email from test data\nconst password = data.password; // Get valid password from test data\nsignIn.signIn(email, password); // Perform sign-in action\nsignIn.assertFailure(); // Assert failure due to wrong email",
              "err": {},
              "uuid": "52e6be43-2bd6-43f2-a1fe-380234f769fe",
              "parentUUID": "976b19ef-82ad-4ccb-ac6e-00c612df3242",
              "isHook": false,
              "skipped": false
            },
            {
              "title": "Verify user is unable to sign in with an invalid email address",
              "fullTitle": "User sign in process Verify user is unable to sign in with an invalid email address",
              "timedOut": null,
              "duration": 10643,
              "state": "passed",
              "speed": "slow",
              "pass": true,
              "fail": false,
              "pending": false,
              "context": null,
              "code": "const email = data.invalidEmail; // Get invalid email from test data\nconst password = data.password; // Get valid password from test data\nsignIn.signIn(email, password); // Perform sign-in action\nsignIn.assertInvalidEmail(); // Assert failure due to invalid email format",
              "err": {},
              "uuid": "ec3e0e3a-774e-4145-a14d-858e5bf6633c",
              "parentUUID": "976b19ef-82ad-4ccb-ac6e-00c612df3242",
              "isHook": false,
              "skipped": false
            },
            {
              "title": "Verify user is unable to sign in with invalid password",
              "fullTitle": "User sign in process Verify user is unable to sign in with invalid password",
              "timedOut": null,
              "duration": 11193,
              "state": "passed",
              "speed": "slow",
              "pass": true,
              "fail": false,
              "pending": false,
              "context": null,
              "code": "const email = data.validEmail; // Get valid email from test data\nconst password = data.invalidPassword; // Get invalid password from test data\nsignIn.signIn(email, password); // Perform sign-in action\nsignIn.assertFailure(); // Assert failure due to invalid password",
              "err": {},
              "uuid": "6c253ec7-0d9c-448c-87f3-ec371a430d58",
              "parentUUID": "976b19ef-82ad-4ccb-ac6e-00c612df3242",
              "isHook": false,
              "skipped": false
            },
            {
              "title": "Verify user is unable to sign in with an empty password field",
              "fullTitle": "User sign in process Verify user is unable to sign in with an empty password field",
              "timedOut": null,
              "duration": 5704,
              "state": "passed",
              "speed": "medium",
              "pass": true,
              "fail": false,
              "pending": false,
              "context": null,
              "code": "const email = data.validEmail; // Get valid email from test data\nconst password = data.invalidPassword; // Get any password to clear later\nsignIn.signInEmptyPassword(email, password); // Perform sign-in with empty password\nsignIn.assertEmptyPassword(); // Assert failure due to empty password",
              "err": {},
              "uuid": "0b68abb0-767e-432e-9645-f770225c2bf1",
              "parentUUID": "976b19ef-82ad-4ccb-ac6e-00c612df3242",
              "isHook": false,
              "skipped": false
            },
            {
              "title": "Verify user is unable to sign in with an empty email field",
              "fullTitle": "User sign in process Verify user is unable to sign in with an empty email field",
              "timedOut": null,
              "duration": 8098,
              "state": "passed",
              "speed": "medium",
              "pass": true,
              "fail": false,
              "pending": false,
              "context": null,
              "code": "const email = data.validEmail; // Get any email to clear later\nconst password = data.password; // Get valid password from test data\nsignIn.signInEmptyEmail(email, password); // Perform sign-in with empty email\nsignIn.assertEmptyEmail(); // Assert failure due to empty email",
              "err": {},
              "uuid": "648b675b-0850-4d33-95aa-f8c0d450ae32",
              "parentUUID": "976b19ef-82ad-4ccb-ac6e-00c612df3242",
              "isHook": false,
              "skipped": false
            },
            {
              "title": "Verify user is unable to sign in with an empty email and password field",
              "fullTitle": "User sign in process Verify user is unable to sign in with an empty email and password field",
              "timedOut": null,
              "duration": 4158,
              "state": "passed",
              "speed": "fast",
              "pass": true,
              "fail": false,
              "pending": false,
              "context": null,
              "code": "const email = data.validEmail; // Get any email to clear later\nconst password = data.password; // Get valid password from test data\nsignIn.signInEmptyEmailAndPassword(email, password); // Perform sign-in with both fields empty\nsignIn.assertEmptyEmail(); // Assert failure due to empty email\nsignIn.assertEmptyPassword(); // Assert failure due to empty password",
              "err": {},
              "uuid": "c2966e4f-b6e8-45af-9f27-8b3965f371fa",
              "parentUUID": "976b19ef-82ad-4ccb-ac6e-00c612df3242",
              "isHook": false,
              "skipped": false
            }
          ],
          "suites": [],
          "passes": [
            "f261d65f-88e6-41a8-a01e-0e9cb3bebc48",
            "52e6be43-2bd6-43f2-a1fe-380234f769fe",
            "ec3e0e3a-774e-4145-a14d-858e5bf6633c",
            "6c253ec7-0d9c-448c-87f3-ec371a430d58",
            "0b68abb0-767e-432e-9645-f770225c2bf1",
            "648b675b-0850-4d33-95aa-f8c0d450ae32",
            "c2966e4f-b6e8-45af-9f27-8b3965f371fa"
          ],
          "failures": [],
          "pending": [],
          "skipped": [],
          "duration": 65310,
          "root": false,
          "rootEmpty": false,
          "_timeout": 2000
        }
      ],
      "passes": [],
      "failures": [],
      "pending": [],
      "skipped": [],
      "duration": 0,
      "root": true,
      "rootEmpty": true,
      "_timeout": 2000
    }
  ],
  "meta": {
    "mocha": {
      "version": "7.0.1"
    },
    "mochawesome": {
      "options": {
        "quiet": false,
        "reportFilename": "mochawesome",
        "saveHtml": true,
        "saveJson": true,
        "consoleReporter": "spec",
        "useInlineDiffs": false,
        "code": true
      },
      "version": "7.1.3"
    },
    "marge": {
      "options": {
        "reportDir": "cypress/reports/mochawesome",
        "overwrite": false,
        "html": true,
        "json": true
      },
      "version": "6.2.0"
    }
  }
}