{
  "stats": {
    "suites": 1,
    "tests": 2,
    "passes": 0,
    "pending": 12,
    "failures": -10,
    "start": "2024-10-24T04:32:23.716Z",
    "end": "2024-10-24T04:32:37.600Z",
    "duration": 13884,
    "testsRegistered": 13,
    "passPercent": 0,
    "pendingPercent": 92.3076923076923,
    "other": 11,
    "hasOther": true,
    "skipped": 0,
    "hasSkipped": false
  },
  "results": [
    {
      "uuid": "22db29b7-d566-4e4a-865b-a6d50d4268d9",
      "title": "",
      "fullFile": "cypress\\tests\\CreatePlan.spec.js",
      "file": "cypress\\tests\\CreatePlan.spec.js",
      "beforeHooks": [],
      "afterHooks": [],
      "tests": [],
      "suites": [
        {
          "uuid": "8a65da3d-ba1e-4628-91f2-2d2e287a7d04",
          "title": "Create plan",
          "fullFile": "",
          "file": "",
          "beforeHooks": [],
          "afterHooks": [],
          "tests": [
            {
              "title": "Verify user is able to create a business USD plan successfully",
              "fullTitle": "Create plan Verify user is able to create a business USD plan successfully",
              "timedOut": null,
              "duration": 13677,
              "state": "failed",
              "speed": null,
              "pass": false,
              "fail": true,
              "pending": false,
              "context": null,
              "code": "const name = createPlan.generatePlanName(); // Generate a random plan name\nconst amount = createPlan.generateRandomAmount(); // Generate a random amount\nconst date = createPlan.generateRandomFutureDate(); // Generate a random future date\n// Create the USD business plan with generated values\ncreatePlan.usdBusinessPlan(name, amount, date);\n// Assert that the success message appears\ncreatePlan.assertSuccess();\n// Delete the created plans for cleanup\ncreatePlan.deletePlans();",
              "err": {
                "message": "TypeError: this.clickContinue is not a function",
                "estack": "TypeError: this.clickContinue is not a function\n    at createPlanPage.usdBusinessPlan (webpack://risevest/./cypress/pageObjects/createPlanPage.js:120:13)\n    at Context.eval (webpack://risevest/./cypress/tests/CreatePlan.spec.js:36:19)",
                "diff": null
              },
              "uuid": "d9558a2a-81a5-44af-93aa-f06845a5687b",
              "parentUUID": "8a65da3d-ba1e-4628-91f2-2d2e287a7d04",
              "isHook": false,
              "skipped": false
            },
            {
              "title": "Verify user is able to create a business naira plan successfully",
              "fullTitle": "Create plan Verify user is able to create a business naira plan successfully",
              "timedOut": null,
              "duration": 0,
              "state": "pending",
              "speed": null,
              "pass": false,
              "fail": false,
              "pending": true,
              "context": null,
              "code": "const name = createPlan.generatePlanName();\nconst amount = createPlan.generateRandomAmount();\nconst date = createPlan.generateRandomFutureDate();\ncreatePlan.nairaBusinessPlan(name, amount, date);\ncreatePlan.assertSuccess();\ncreatePlan.deletePlans();",
              "err": {},
              "uuid": "46a18ac0-f7f9-4f7a-bdcf-4095109caa5f",
              "parentUUID": "8a65da3d-ba1e-4628-91f2-2d2e287a7d04",
              "isHook": false,
              "skipped": false
            },
            {
              "title": "Verify user is able to create a new investment plan",
              "fullTitle": "Create plan Verify user is able to create a new investment plan",
              "timedOut": null,
              "duration": 0,
              "state": "pending",
              "speed": null,
              "pass": false,
              "fail": false,
              "pending": true,
              "context": null,
              "code": "const name = createPlan.generatePlanName();\nconst amount = createPlan.generateRandomAmount();\nconst percent = createPlan.getRandomPercentage(); // Generate random percentage\nconst age = createPlan.getRandomRetirementAge(); // Generate random retirement age\ncreatePlan.investmentPlan(name, amount, percent, age);\ncreatePlan.assertSuccess(); // Assert success message\ncreatePlan.deletePlans(); // Clean up by deleting created plans",
              "err": {},
              "uuid": "4b37ee77-ebd1-4d0f-ac05-c5f968951973",
              "parentUUID": "8a65da3d-ba1e-4628-91f2-2d2e287a7d04",
              "isHook": false,
              "skipped": false
            },
            {
              "title": "Verify user is able to create a School naira plan successfully",
              "fullTitle": "Create plan Verify user is able to create a School naira plan successfully",
              "timedOut": null,
              "duration": 0,
              "state": "pending",
              "speed": null,
              "pass": false,
              "fail": false,
              "pending": true,
              "context": null,
              "code": "const name = createPlan.generatePlanName();\nconst amount = createPlan.generateRandomAmount();\nconst date = createPlan.generateRandomFutureDate();\ncreatePlan.nairaSchoolPlan(name, amount, date);\ncreatePlan.assertSuccess();\ncreatePlan.deletePlans();",
              "err": {},
              "uuid": "224492d6-2f2e-45ee-a576-28682c3df882",
              "parentUUID": "8a65da3d-ba1e-4628-91f2-2d2e287a7d04",
              "isHook": false,
              "skipped": false
            },
            {
              "title": "Verify user is able to create a School USD plan successfully",
              "fullTitle": "Create plan Verify user is able to create a School USD plan successfully",
              "timedOut": null,
              "duration": 0,
              "state": "pending",
              "speed": null,
              "pass": false,
              "fail": false,
              "pending": true,
              "context": null,
              "code": "const name = createPlan.generatePlanName();\nconst amount = createPlan.generateRandomAmount();\nconst date = createPlan.generateRandomFutureDate();\ncreatePlan.usdSchoolPlan(name, amount, date);\ncreatePlan.assertSuccess();\ncreatePlan.deletePlans();",
              "err": {},
              "uuid": "01620cbe-de0b-446a-b172-c6882e754cb8",
              "parentUUID": "8a65da3d-ba1e-4628-91f2-2d2e287a7d04",
              "isHook": false,
              "skipped": false
            },
            {
              "title": "User is able to create real estate plan and display correct percentage for 12 months",
              "fullTitle": "Create plan User is able to create real estate plan and display correct percentage for 12 months",
              "timedOut": null,
              "duration": 0,
              "state": "pending",
              "speed": null,
              "pass": false,
              "fail": false,
              "pending": true,
              "context": null,
              "code": "const name = `Real estate plan test case for ${months} months`;\nconst planName = createPlan.generatePlanName();\n// Log the values being used for clarity\ncy.log(`Creating a plan with name: ${name}`);\ncy.log(`Selecting month: ${months} and expecting percentage: ${expectedPercentage}%`);\n// Complete the plan flow, select the month, and assert the percentage\ncreatePlan.completeRealEstatePlan(planName, months, expectedPercentage);\ncreatePlan.assertSuccess();\ncreatePlan.deletePlans();",
              "err": {},
              "uuid": "1dc43065-6353-4c82-9d3e-6204a1ee18cd",
              "parentUUID": "8a65da3d-ba1e-4628-91f2-2d2e287a7d04",
              "isHook": false,
              "skipped": false
            },
            {
              "title": "User is able to create real estate plan and display correct percentage for 6 months",
              "fullTitle": "Create plan User is able to create real estate plan and display correct percentage for 6 months",
              "timedOut": null,
              "duration": 0,
              "state": "pending",
              "speed": null,
              "pass": false,
              "fail": false,
              "pending": true,
              "context": null,
              "code": "const name = `Real estate plan test case for ${months} months`;\nconst planName = createPlan.generatePlanName();\n// Log the values being used for clarity\ncy.log(`Creating a plan with name: ${name}`);\ncy.log(`Selecting month: ${months} and expecting percentage: ${expectedPercentage}%`);\n// Complete the plan flow, select the month, and assert the percentage\ncreatePlan.completeRealEstatePlan(planName, months, expectedPercentage);\ncreatePlan.assertSuccess();\ncreatePlan.deletePlans();",
              "err": {},
              "uuid": "2256ba2c-8cb3-4fe6-bc32-e22c5fc497b0",
              "parentUUID": "8a65da3d-ba1e-4628-91f2-2d2e287a7d04",
              "isHook": false,
              "skipped": false
            },
            {
              "title": "User is able to create real estate plan and display correct percentage for 3 months",
              "fullTitle": "Create plan User is able to create real estate plan and display correct percentage for 3 months",
              "timedOut": null,
              "duration": 0,
              "state": "pending",
              "speed": null,
              "pass": false,
              "fail": false,
              "pending": true,
              "context": null,
              "code": "const name = `Real estate plan test case for ${months} months`;\nconst planName = createPlan.generatePlanName();\n// Log the values being used for clarity\ncy.log(`Creating a plan with name: ${name}`);\ncy.log(`Selecting month: ${months} and expecting percentage: ${expectedPercentage}%`);\n// Complete the plan flow, select the month, and assert the percentage\ncreatePlan.completeRealEstatePlan(planName, months, expectedPercentage);\ncreatePlan.assertSuccess();\ncreatePlan.deletePlans();",
              "err": {},
              "uuid": "32be7764-f9c9-4215-9ca8-c0264dd4c37b",
              "parentUUID": "8a65da3d-ba1e-4628-91f2-2d2e287a7d04",
              "isHook": false,
              "skipped": false
            },
            {
              "title": "User is able to create fixed income plan and display correct percentage for 12 months",
              "fullTitle": "Create plan User is able to create fixed income plan and display correct percentage for 12 months",
              "timedOut": null,
              "duration": 0,
              "state": "pending",
              "speed": null,
              "pass": false,
              "fail": false,
              "pending": true,
              "context": null,
              "code": "const name = `Fixed income plan test case for ${months} months`;\nconst planName = createPlan.generatePlanName();\n// Log the values being used\ncy.log(`Creating a plan with name: ${name}`);\ncy.log(`Selecting month: ${months} and expecting percentage: ${expectedPercentage}%`);\n// Complete the plan flow, select the month, and assert the percentage\ncreatePlan.completeFixedIncomePlan(planName, months, expectedPercentage);\ncreatePlan.assertSuccess();\ncreatePlan.deletePlans();",
              "err": {},
              "uuid": "e3a80d83-1e3e-4c12-9a6d-746cf933ba02",
              "parentUUID": "8a65da3d-ba1e-4628-91f2-2d2e287a7d04",
              "isHook": false,
              "skipped": false
            },
            {
              "title": "User is able to create fixed income plan and display correct percentage for 6 months",
              "fullTitle": "Create plan User is able to create fixed income plan and display correct percentage for 6 months",
              "timedOut": null,
              "duration": 0,
              "state": "pending",
              "speed": null,
              "pass": false,
              "fail": false,
              "pending": true,
              "context": null,
              "code": "const name = `Fixed income plan test case for ${months} months`;\nconst planName = createPlan.generatePlanName();\n// Log the values being used\ncy.log(`Creating a plan with name: ${name}`);\ncy.log(`Selecting month: ${months} and expecting percentage: ${expectedPercentage}%`);\n// Complete the plan flow, select the month, and assert the percentage\ncreatePlan.completeFixedIncomePlan(planName, months, expectedPercentage);\ncreatePlan.assertSuccess();\ncreatePlan.deletePlans();",
              "err": {},
              "uuid": "6ae9879a-7f54-48fd-aa30-185288c55e47",
              "parentUUID": "8a65da3d-ba1e-4628-91f2-2d2e287a7d04",
              "isHook": false,
              "skipped": false
            },
            {
              "title": "User is able to create fixed income plan and display correct percentage for 3 months",
              "fullTitle": "Create plan User is able to create fixed income plan and display correct percentage for 3 months",
              "timedOut": null,
              "duration": 0,
              "state": "pending",
              "speed": null,
              "pass": false,
              "fail": false,
              "pending": true,
              "context": null,
              "code": "const name = `Fixed income plan test case for ${months} months`;\nconst planName = createPlan.generatePlanName();\n// Log the values being used\ncy.log(`Creating a plan with name: ${name}`);\ncy.log(`Selecting month: ${months} and expecting percentage: ${expectedPercentage}%`);\n// Complete the plan flow, select the month, and assert the percentage\ncreatePlan.completeFixedIncomePlan(planName, months, expectedPercentage);\ncreatePlan.assertSuccess();\ncreatePlan.deletePlans();",
              "err": {},
              "uuid": "ed9b4b78-5621-4461-89b9-310d70b62139",
              "parentUUID": "8a65da3d-ba1e-4628-91f2-2d2e287a7d04",
              "isHook": false,
              "skipped": false
            },
            {
              "title": "Verify user is unable to create plan with a past date",
              "fullTitle": "Create plan Verify user is unable to create plan with a past date",
              "timedOut": null,
              "duration": 0,
              "state": "pending",
              "speed": null,
              "pass": false,
              "fail": false,
              "pending": true,
              "context": null,
              "code": "const name = createPlan.generatePlanName();\nconst amount = createPlan.generateRandomAmount();\nconst date = \"22-03-2022\"; // Past date\ncreatePlan.nairaBusinessPlan(name, amount, date);\ncreatePlan.assertDateFailure(); // Assert failure due to past date",
              "err": {},
              "uuid": "ff24a72b-76a3-4665-a027-17a0c3ca303c",
              "parentUUID": "8a65da3d-ba1e-4628-91f2-2d2e287a7d04",
              "isHook": false,
              "skipped": false
            },
            {
              "title": "Verify user is unable to create plan with a invalid date",
              "fullTitle": "Create plan Verify user is unable to create plan with a invalid date",
              "timedOut": null,
              "duration": 0,
              "state": "pending",
              "speed": null,
              "pass": false,
              "fail": false,
              "pending": true,
              "context": null,
              "code": "const name = createPlan.generatePlanName();\nconst amount = createPlan.generateRandomAmount();\nconst date = \"23-04-0000\"; // Invalid date format\ncreatePlan.nairaBusinessPlan(name, amount, date);\ncreatePlan.assertDateFailure(); // Assert failure due to invalid date",
              "err": {},
              "uuid": "09d5497b-3ac6-4aab-91ae-d101b2511953",
              "parentUUID": "8a65da3d-ba1e-4628-91f2-2d2e287a7d04",
              "isHook": false,
              "skipped": false
            }
          ],
          "suites": [],
          "passes": [],
          "failures": [
            "d9558a2a-81a5-44af-93aa-f06845a5687b"
          ],
          "pending": [
            "46a18ac0-f7f9-4f7a-bdcf-4095109caa5f",
            "4b37ee77-ebd1-4d0f-ac05-c5f968951973",
            "224492d6-2f2e-45ee-a576-28682c3df882",
            "01620cbe-de0b-446a-b172-c6882e754cb8",
            "1dc43065-6353-4c82-9d3e-6204a1ee18cd",
            "2256ba2c-8cb3-4fe6-bc32-e22c5fc497b0",
            "32be7764-f9c9-4215-9ca8-c0264dd4c37b",
            "e3a80d83-1e3e-4c12-9a6d-746cf933ba02",
            "6ae9879a-7f54-48fd-aa30-185288c55e47",
            "ed9b4b78-5621-4461-89b9-310d70b62139",
            "ff24a72b-76a3-4665-a027-17a0c3ca303c",
            "09d5497b-3ac6-4aab-91ae-d101b2511953"
          ],
          "skipped": [],
          "duration": 13677,
          "root": false,
          "rootEmpty": false,
          "_timeout": 2000
        }
      ],
      "passes": [],
      "failures": [],
      "pending": [],
      "skipped": [],
      "duration": 0,
      "root": true,
      "rootEmpty": true,
      "_timeout": 2000
    }
  ],
  "meta": {
    "mocha": {
      "version": "7.0.1"
    },
    "mochawesome": {
      "options": {
        "quiet": false,
        "reportFilename": "mochawesome",
        "saveHtml": true,
        "saveJson": true,
        "consoleReporter": "spec",
        "useInlineDiffs": false,
        "code": true
      },
      "version": "7.1.3"
    },
    "marge": {
      "options": {
        "reportDir": "cypress/reports/mochawesome",
        "overwrite": false,
        "html": true,
        "json": true
      },
      "version": "6.2.0"
    }
  }
}