{
  "stats": {
    "suites": 1,
    "tests": 1,
    "passes": 0,
    "pending": 1,
    "failures": 0,
    "start": "2024-10-24T15:12:03.648Z",
    "end": "2024-10-24T15:12:03.683Z",
    "duration": 35,
    "testsRegistered": 1,
    "passPercent": null,
    "pendingPercent": 100,
    "other": 0,
    "hasOther": false,
    "skipped": 0,
    "hasSkipped": false
  },
  "results": [
    {
      "uuid": "d11442b9-03e2-4c2a-ac65-80d36513ee81",
      "title": "",
      "fullFile": "cypress\\tests\\ViewPlans.spec.js",
      "file": "cypress\\tests\\ViewPlans.spec.js",
      "beforeHooks": [],
      "afterHooks": [],
      "tests": [],
      "suites": [
        {
          "uuid": "554f025e-3073-49be-b7a3-30118e579777",
          "title": "View plans",
          "fullFile": "",
          "file": "",
          "beforeHooks": [],
          "afterHooks": [],
          "tests": [
            {
              "title": "Verify user is able to view plans",
              "fullTitle": "View plans Verify user is able to view plans",
              "timedOut": null,
              "duration": 0,
              "state": "pending",
              "speed": null,
              "pass": false,
              "fail": false,
              "pending": true,
              "context": null,
              "code": "// Click on the plans button to navigate to the plans page\nviewPlans.clickPlansButton();\n// Assert that plans are displayed successfully\nviewPlans.assertPlans();",
              "err": {},
              "uuid": "f63c66fb-59dd-40cb-b8b7-403a761d6984",
              "parentUUID": "554f025e-3073-49be-b7a3-30118e579777",
              "isHook": false,
              "skipped": false
            }
          ],
          "suites": [],
          "passes": [],
          "failures": [],
          "pending": [
            "f63c66fb-59dd-40cb-b8b7-403a761d6984"
          ],
          "skipped": [],
          "duration": 0,
          "root": false,
          "rootEmpty": false,
          "_timeout": 2000
        }
      ],
      "passes": [],
      "failures": [],
      "pending": [],
      "skipped": [],
      "duration": 0,
      "root": true,
      "rootEmpty": true,
      "_timeout": 2000
    }
  ],
  "meta": {
    "mocha": {
      "version": "7.0.1"
    },
    "mochawesome": {
      "options": {
        "quiet": false,
        "reportFilename": "mochawesome",
        "saveHtml": true,
        "saveJson": true,
        "consoleReporter": "spec",
        "useInlineDiffs": false,
        "code": true
      },
      "version": "7.1.3"
    },
    "marge": {
      "options": {
        "reportDir": "cypress/reports/mochawesome",
        "overwrite": false,
        "html": true,
        "json": true
      },
      "version": "6.2.0"
    }
  }
}