{
  "stats": {
    "suites": 1,
    "tests": 1,
    "passes": 0,
    "pending": 0,
    "failures": 1,
    "start": "2024-10-24T06:03:43.109Z",
    "end": "2024-10-24T06:04:10.681Z",
    "duration": 27572,
    "testsRegistered": 1,
    "passPercent": 0,
    "pendingPercent": 0,
    "other": 0,
    "hasOther": false,
    "skipped": 0,
    "hasSkipped": false
  },
  "results": [
    {
      "uuid": "3d0d7343-41d6-4258-aacc-c6dd19129a1b",
      "title": "",
      "fullFile": "cypress\\tests\\ViewPlans.spec.js",
      "file": "cypress\\tests\\ViewPlans.spec.js",
      "beforeHooks": [],
      "afterHooks": [],
      "tests": [],
      "suites": [
        {
          "uuid": "f4a43076-be8a-4339-99dc-088cfcfaec58",
          "title": "View plans",
          "fullFile": "",
          "file": "",
          "beforeHooks": [],
          "afterHooks": [],
          "tests": [
            {
              "title": "Verify user is able to view plans",
              "fullTitle": "View plans Verify user is able to view plans",
              "timedOut": null,
              "duration": 27474,
              "state": "failed",
              "speed": null,
              "pass": false,
              "fail": true,
              "pending": false,
              "context": null,
              "code": "// Click on the plans button to navigate to the plans page\nviewPlans.clickPlansButton();\n// Assert that plans are displayed successfully\nviewPlans.assertPlans();",
              "err": {
                "message": "AssertionError: Timed out retrying after 12000ms: Expected to find element: `[href=\"/plans\"]`, but never found it.",
                "estack": "AssertionError: Timed out retrying after 12000ms: Expected to find element: `[href=\"/plans\"]`, but never found it.\n    at plansButton (webpack://risevest/./cypress/pageObjects/viewPlansPage.js:5:30)\n    at clickPlansButton (webpack://risevest/./cypress/pageObjects/viewPlansPage.js:10:22)\n    at  (webpack://risevest/./cypress/tests/ViewPlans.spec.js:28:18)\n    at __webpack_modules__</setRunnable/runnable.fn (https://app.risevest.com/__cypress/runner/cypress_runner.js:138412:43)\n    at callFn (https://app.risevest.com/__cypress/runner/cypress_runner.js:157028:21)\n    at __webpack_modules__</Runnable.prototype.run (https://app.risevest.com/__cypress/runner/cypress_runner.js:157015:13)\n    at __webpack_modules__</create/onRunnableRun (https://app.risevest.com/__cypress/runner/cypress_runner.js:162939:30)\n    at finallyHandler (https://app.risevest.com/__cypress/runner/cypress_runner.js:4072:23)\n    at tryCatcher (https://app.risevest.com/__cypress/runner/cypress_runner.js:1807:23)\n    at __webpack_modules__</module.exports/Promise.prototype._settlePromiseFromHandler (https://app.risevest.com/__cypress/runner/cypress_runner.js:1519:31)\n    at __webpack_modules__</module.exports/Promise.prototype._settlePromise (https://app.risevest.com/__cypress/runner/cypress_runner.js:1576:18)\n    at __webpack_modules__</module.exports/Promise.prototype._settlePromise0 (https://app.risevest.com/__cypress/runner/cypress_runner.js:1621:10)\n    at __webpack_modules__</module.exports/Promise.prototype._settlePromises (https://app.risevest.com/__cypress/runner/cypress_runner.js:1701:18)\n    at _drainQueueStep (https://app.risevest.com/__cypress/runner/cypress_runner.js:2407:12)\n    at _drainQueue (https://app.risevest.com/__cypress/runner/cypress_runner.js:2400:24)\n    at __webpack_modules__</Async.prototype._drainQueues (https://app.risevest.com/__cypress/runner/cypress_runner.js:2416:16)\n    at __webpack_modules__</Async/this.drainQueues (https://app.risevest.com/__cypress/runner/cypress_runner.js:2286:14)",
                "diff": null
              },
              "uuid": "e053b478-3473-4b92-bf32-55413ff556ca",
              "parentUUID": "f4a43076-be8a-4339-99dc-088cfcfaec58",
              "isHook": false,
              "skipped": false
            }
          ],
          "suites": [],
          "passes": [],
          "failures": [
            "e053b478-3473-4b92-bf32-55413ff556ca"
          ],
          "pending": [],
          "skipped": [],
          "duration": 27474,
          "root": false,
          "rootEmpty": false,
          "_timeout": 2000
        }
      ],
      "passes": [],
      "failures": [],
      "pending": [],
      "skipped": [],
      "duration": 0,
      "root": true,
      "rootEmpty": true,
      "_timeout": 2000
    }
  ],
  "meta": {
    "mocha": {
      "version": "7.0.1"
    },
    "mochawesome": {
      "options": {
        "quiet": false,
        "reportFilename": "mochawesome",
        "saveHtml": true,
        "saveJson": true,
        "consoleReporter": "spec",
        "useInlineDiffs": false,
        "code": true
      },
      "version": "7.1.3"
    },
    "marge": {
      "options": {
        "reportDir": "cypress/reports/mochawesome",
        "overwrite": false,
        "html": true,
        "json": true
      },
      "version": "6.2.0"
    }
  }
}