{
  "stats": {
    "suites": 1,
    "tests": 2,
    "passes": 2,
    "pending": 0,
    "failures": 0,
    "start": "2024-10-24T22:02:11.285Z",
    "end": "2024-10-24T22:02:42.249Z",
    "duration": 30964,
    "testsRegistered": 2,
    "passPercent": 100,
    "pendingPercent": 0,
    "other": 0,
    "hasOther": false,
    "skipped": 0,
    "hasSkipped": false
  },
  "results": [
    {
      "uuid": "26c62754-aa47-467f-bd96-d502169befc3",
      "title": "",
      "fullFile": "cypress\\tests\\WalletBalance.spec.js",
      "file": "cypress\\tests\\WalletBalance.spec.js",
      "beforeHooks": [],
      "afterHooks": [],
      "tests": [],
      "suites": [
        {
          "uuid": "bc76f82b-b288-4fd6-963d-e101f4df22fd",
          "title": "Show/Hide Wallet Balance",
          "fullFile": "",
          "file": "",
          "beforeHooks": [],
          "afterHooks": [],
          "tests": [
            {
              "title": "Verify user is able to hide wallet balance",
              "fullTitle": "Show/Hide Wallet Balance Verify user is able to hide wallet balance",
              "timedOut": null,
              "duration": 13754,
              "state": "passed",
              "speed": "slow",
              "pass": true,
              "fail": false,
              "pending": false,
              "context": null,
              "code": "walletBalance.clickEyeIcon(); // Click the eye icon to hide the balance\nwalletBalance.assertHideBalance(); // Assert that the balance is hidden",
              "err": {},
              "uuid": "a23f0aa9-94a1-4774-90e6-1d26be678af2",
              "parentUUID": "bc76f82b-b288-4fd6-963d-e101f4df22fd",
              "isHook": false,
              "skipped": false
            },
            {
              "title": "Verify user is able to show wallet balance",
              "fullTitle": "Show/Hide Wallet Balance Verify user is able to show wallet balance",
              "timedOut": null,
              "duration": 16330,
              "state": "passed",
              "speed": "slow",
              "pass": true,
              "fail": false,
              "pending": false,
              "context": null,
              "code": "walletBalance.clickEyeIcon(); // Click the eye icon to hide the balance first\nwalletBalance.clickEyeIcon(); // Click the eye icon again to show the balance\nwalletBalance.assertShowBalance(); // Assert that the balance is visible",
              "err": {},
              "uuid": "a0674626-ce5e-4867-9c5f-3ff3be727abb",
              "parentUUID": "bc76f82b-b288-4fd6-963d-e101f4df22fd",
              "isHook": false,
              "skipped": false
            }
          ],
          "suites": [],
          "passes": [
            "a23f0aa9-94a1-4774-90e6-1d26be678af2",
            "a0674626-ce5e-4867-9c5f-3ff3be727abb"
          ],
          "failures": [],
          "pending": [],
          "skipped": [],
          "duration": 30084,
          "root": false,
          "rootEmpty": false,
          "_timeout": 2000
        }
      ],
      "passes": [],
      "failures": [],
      "pending": [],
      "skipped": [],
      "duration": 0,
      "root": true,
      "rootEmpty": true,
      "_timeout": 2000
    }
  ],
  "meta": {
    "mocha": {
      "version": "7.0.1"
    },
    "mochawesome": {
      "options": {
        "quiet": true,
        "reportFilename": "mochawesome",
        "saveHtml": true,
        "saveJson": true,
        "consoleReporter": "spec",
        "useInlineDiffs": false,
        "code": true
      },
      "version": "7.1.3"
    },
    "marge": {
      "options": {
        "reportDir": "cypress/reports/mochawesome",
        "overwrite": false,
        "html": true,
        "json": true,
        "quiet": true,
        "timestamp": "mmddyyyy_HHMMss"
      },
      "version": "6.2.0"
    }
  }
}