{
  "stats": {
    "suites": 1,
    "tests": 7,
    "passes": 7,
    "pending": 0,
    "failures": 0,
    "start": "2024-10-24T04:26:52.395Z",
    "end": "2024-10-24T04:27:55.887Z",
    "duration": 63492,
    "testsRegistered": 7,
    "passPercent": 100,
    "pendingPercent": 0,
    "other": 0,
    "hasOther": false,
    "skipped": 0,
    "hasSkipped": false
  },
  "results": [
    {
      "uuid": "2c45a8a3-22b2-460c-a225-7241215966ae",
      "title": "",
      "fullFile": "cypress\\tests\\Signin.spec.js",
      "file": "cypress\\tests\\Signin.spec.js",
      "beforeHooks": [],
      "afterHooks": [],
      "tests": [],
      "suites": [
        {
          "uuid": "b3c7011d-7fbd-4efb-b939-6ec378ab60ff",
          "title": "User sign in process",
          "fullFile": "",
          "file": "",
          "beforeHooks": [],
          "afterHooks": [],
          "tests": [
            {
              "title": "Verify user is able to sign in successfully",
              "fullTitle": "User sign in process Verify user is able to sign in successfully",
              "timedOut": null,
              "duration": 11719,
              "state": "passed",
              "speed": "slow",
              "pass": true,
              "fail": false,
              "pending": false,
              "context": null,
              "code": "const email = data.validEmail; // Get valid email from test data\nconst password = data.password; // Get valid password from test data\nsignIn.signIn(email, password); // Perform sign-in action\nsignIn.assertSuccess(); // Assert successful sign-in",
              "err": {},
              "uuid": "86deff8b-ea4b-4add-b311-ad1e5b4f5c25",
              "parentUUID": "b3c7011d-7fbd-4efb-b939-6ec378ab60ff",
              "isHook": false,
              "skipped": false
            },
            {
              "title": "Verify user is unable to sign in with a wrong email address",
              "fullTitle": "User sign in process Verify user is unable to sign in with a wrong email address",
              "timedOut": null,
              "duration": 11291,
              "state": "passed",
              "speed": "slow",
              "pass": true,
              "fail": false,
              "pending": false,
              "context": null,
              "code": "const email = data.wrongEmail; // Get wrong email from test data\nconst password = data.password; // Get valid password from test data\nsignIn.signIn(email, password); // Perform sign-in action\nsignIn.assertFailure(); // Assert failure due to wrong email",
              "err": {},
              "uuid": "85eb2c24-dfbe-4e4e-8051-4f21172a1e0a",
              "parentUUID": "b3c7011d-7fbd-4efb-b939-6ec378ab60ff",
              "isHook": false,
              "skipped": false
            },
            {
              "title": "Verify user is unable to sign in with an invalid email address",
              "fullTitle": "User sign in process Verify user is unable to sign in with an invalid email address",
              "timedOut": null,
              "duration": 10534,
              "state": "passed",
              "speed": "slow",
              "pass": true,
              "fail": false,
              "pending": false,
              "context": null,
              "code": "const email = data.invalidEmail; // Get invalid email from test data\nconst password = data.password; // Get valid password from test data\nsignIn.signIn(email, password); // Perform sign-in action\nsignIn.assertInvalidEmail(); // Assert failure due to invalid email format",
              "err": {},
              "uuid": "ea8815d3-7741-4208-80f7-7b7613f5801a",
              "parentUUID": "b3c7011d-7fbd-4efb-b939-6ec378ab60ff",
              "isHook": false,
              "skipped": false
            },
            {
              "title": "Verify user is unable to sign in with invalid password",
              "fullTitle": "User sign in process Verify user is unable to sign in with invalid password",
              "timedOut": null,
              "duration": 11104,
              "state": "passed",
              "speed": "slow",
              "pass": true,
              "fail": false,
              "pending": false,
              "context": null,
              "code": "const email = data.validEmail; // Get valid email from test data\nconst password = data.invalidPassword; // Get invalid password from test data\nsignIn.signIn(email, password); // Perform sign-in action\nsignIn.assertFailure(); // Assert failure due to invalid password",
              "err": {},
              "uuid": "07c9ec2c-1fbb-4e44-94c4-7d658bcb3709",
              "parentUUID": "b3c7011d-7fbd-4efb-b939-6ec378ab60ff",
              "isHook": false,
              "skipped": false
            },
            {
              "title": "Verify user is unable to sign in with an empty password field",
              "fullTitle": "User sign in process Verify user is unable to sign in with an empty password field",
              "timedOut": null,
              "duration": 6056,
              "state": "passed",
              "speed": "medium",
              "pass": true,
              "fail": false,
              "pending": false,
              "context": null,
              "code": "const email = data.validEmail; // Get valid email from test data\nconst password = data.invalidPassword; // Get any password to clear later\nsignIn.signInEmptyPassword(email, password); // Perform sign-in with empty password\nsignIn.assertEmptyPassword(); // Assert failure due to empty password",
              "err": {},
              "uuid": "7b453747-cd25-438a-a3c2-92a4c1b27c38",
              "parentUUID": "b3c7011d-7fbd-4efb-b939-6ec378ab60ff",
              "isHook": false,
              "skipped": false
            },
            {
              "title": "Verify user is unable to sign in with an empty email field",
              "fullTitle": "User sign in process Verify user is unable to sign in with an empty email field",
              "timedOut": null,
              "duration": 6932,
              "state": "passed",
              "speed": "medium",
              "pass": true,
              "fail": false,
              "pending": false,
              "context": null,
              "code": "const email = data.validEmail; // Get any email to clear later\nconst password = data.password; // Get valid password from test data\nsignIn.signInEmptyEmail(email, password); // Perform sign-in with empty email\nsignIn.assertEmptyEmail(); // Assert failure due to empty email",
              "err": {},
              "uuid": "20a8b2e6-1e70-41e2-a39d-67e6f30e8fcb",
              "parentUUID": "b3c7011d-7fbd-4efb-b939-6ec378ab60ff",
              "isHook": false,
              "skipped": false
            },
            {
              "title": "Verify user is unable to sign in with an empty email and password field",
              "fullTitle": "User sign in process Verify user is unable to sign in with an empty email and password field",
              "timedOut": null,
              "duration": 5150,
              "state": "passed",
              "speed": "medium",
              "pass": true,
              "fail": false,
              "pending": false,
              "context": null,
              "code": "const email = data.validEmail; // Get any email to clear later\nconst password = data.password; // Get valid password from test data\nsignIn.signInEmptyEmailAndPassword(email, password); // Perform sign-in with both fields empty\nsignIn.assertEmptyEmail(); // Assert failure due to empty email\nsignIn.assertEmptyPassword(); // Assert failure due to empty password",
              "err": {},
              "uuid": "61d2eed7-7094-465b-b502-a7b7d8a89f59",
              "parentUUID": "b3c7011d-7fbd-4efb-b939-6ec378ab60ff",
              "isHook": false,
              "skipped": false
            }
          ],
          "suites": [],
          "passes": [
            "86deff8b-ea4b-4add-b311-ad1e5b4f5c25",
            "85eb2c24-dfbe-4e4e-8051-4f21172a1e0a",
            "ea8815d3-7741-4208-80f7-7b7613f5801a",
            "07c9ec2c-1fbb-4e44-94c4-7d658bcb3709",
            "7b453747-cd25-438a-a3c2-92a4c1b27c38",
            "20a8b2e6-1e70-41e2-a39d-67e6f30e8fcb",
            "61d2eed7-7094-465b-b502-a7b7d8a89f59"
          ],
          "failures": [],
          "pending": [],
          "skipped": [],
          "duration": 62786,
          "root": false,
          "rootEmpty": false,
          "_timeout": 2000
        }
      ],
      "passes": [],
      "failures": [],
      "pending": [],
      "skipped": [],
      "duration": 0,
      "root": true,
      "rootEmpty": true,
      "_timeout": 2000
    }
  ],
  "meta": {
    "mocha": {
      "version": "7.0.1"
    },
    "mochawesome": {
      "options": {
        "quiet": false,
        "reportFilename": "mochawesome",
        "saveHtml": true,
        "saveJson": true,
        "consoleReporter": "spec",
        "useInlineDiffs": false,
        "code": true
      },
      "version": "7.1.3"
    },
    "marge": {
      "options": {
        "reportDir": "cypress/reports/mochawesome",
        "overwrite": false,
        "html": true,
        "json": true
      },
      "version": "6.2.0"
    }
  }
}