{
  "stats": {
    "suites": 1,
    "tests": 1,
    "passes": 0,
    "pending": 0,
    "failures": 1,
    "start": "2024-10-24T10:54:03.262Z",
    "end": "2024-10-24T10:54:50.661Z",
    "duration": 47399,
    "testsRegistered": 2,
    "passPercent": 0,
    "pendingPercent": 0,
    "other": 0,
    "hasOther": false,
    "skipped": 1,
    "hasSkipped": true
  },
  "results": [
    {
      "uuid": "b920e97e-7b53-4ad3-a768-6e4218684de1",
      "title": "",
      "fullFile": "cypress\\tests\\WalletBalance.spec.js",
      "file": "cypress\\tests\\WalletBalance.spec.js",
      "beforeHooks": [],
      "afterHooks": [],
      "tests": [],
      "suites": [
        {
          "uuid": "4677cada-67ac-425d-b589-46c487029d55",
          "title": "Show/Hide Wallet Balance",
          "fullFile": "",
          "file": "",
          "beforeHooks": [],
          "afterHooks": [],
          "tests": [
            {
              "title": "Verify user is able to hide wallet balance",
              "fullTitle": "Show/Hide Wallet Balance Verify user is able to hide wallet balance",
              "timedOut": null,
              "duration": 44881,
              "state": "failed",
              "speed": null,
              "pass": false,
              "fail": true,
              "pending": false,
              "context": null,
              "code": "walletBalance.clickEyeIcon(); // Click the eye icon to hide the balance\nwalletBalance.assertHideBalance(); // Assert that the balance is hidden",
              "err": {
                "message": "AssertionError: Timed out retrying after 12000ms: Expected to find element: `//span[normalize-space()='Wallet']`, but never found it.\n\nBecause this error occurred during a `before each` hook we are skipping the remaining tests in the current suite: `Show/Hide Wallet Balance`",
                "estack": "AssertionError: Timed out retrying after 12000ms: Expected to find element: `//span[normalize-space()='Wallet']`, but never found it.\n\nBecause this error occurred during a `before each` hook we are skipping the remaining tests in the current suite: `Show/Hide Wallet Balance`\n    at Object.walletButton (webpack://risevest/./cypress/pageObjects/viewWalletPage.js:5:31)\n    at viewWalletPage.openWallet (webpack://risevest/./cypress/pageObjects/viewWalletPage.js:16:22)\n    at Context.eval (webpack://risevest/./cypress/tests/WalletBalance.spec.js:23:19)",
                "diff": null
              },
              "uuid": "5c47b8c9-bdf2-49f9-8f6f-b6902a953d22",
              "parentUUID": "4677cada-67ac-425d-b589-46c487029d55",
              "isHook": false,
              "skipped": false
            },
            {
              "title": "Verify user is able to show wallet balance",
              "fullTitle": "Show/Hide Wallet Balance Verify user is able to show wallet balance",
              "timedOut": null,
              "duration": 0,
              "state": "skipped",
              "speed": null,
              "pass": false,
              "fail": false,
              "pending": false,
              "context": null,
              "code": "walletBalance.clickEyeIcon(); // Click the eye icon to hide the balance first\nwalletBalance.clickEyeIcon(); // Click the eye icon again to show the balance\nwalletBalance.assertShowBalance(); // Assert that the balance is visible",
              "err": {},
              "uuid": "b81342a2-784a-41e5-a819-e8a2e0c6160f",
              "parentUUID": "4677cada-67ac-425d-b589-46c487029d55",
              "isHook": false,
              "skipped": true
            }
          ],
          "suites": [],
          "passes": [],
          "failures": [
            "5c47b8c9-bdf2-49f9-8f6f-b6902a953d22"
          ],
          "pending": [],
          "skipped": [
            "b81342a2-784a-41e5-a819-e8a2e0c6160f"
          ],
          "duration": 44881,
          "root": false,
          "rootEmpty": false,
          "_timeout": 2000
        }
      ],
      "passes": [],
      "failures": [],
      "pending": [],
      "skipped": [],
      "duration": 0,
      "root": true,
      "rootEmpty": true,
      "_timeout": 2000
    }
  ],
  "meta": {
    "mocha": {
      "version": "7.0.1"
    },
    "mochawesome": {
      "options": {
        "quiet": false,
        "reportFilename": "mochawesome",
        "saveHtml": true,
        "saveJson": true,
        "consoleReporter": "spec",
        "useInlineDiffs": false,
        "code": true
      },
      "version": "7.1.3"
    },
    "marge": {
      "options": {
        "reportDir": "cypress/reports/mochawesome",
        "overwrite": false,
        "html": true,
        "json": true
      },
      "version": "6.2.0"
    }
  }
}