{
  "stats": {
    "suites": 1,
    "tests": 1,
    "passes": 0,
    "pending": 7,
    "failures": -6,
    "start": "2024-10-24T15:24:20.929Z",
    "end": "2024-10-24T15:24:20.996Z",
    "duration": 67,
    "testsRegistered": 7,
    "passPercent": null,
    "pendingPercent": 100,
    "other": 6,
    "hasOther": true,
    "skipped": 0,
    "hasSkipped": false
  },
  "results": [
    {
      "uuid": "995c3234-1e9e-44b1-8913-2d2d28e4a016",
      "title": "",
      "fullFile": "cypress\\tests\\Signin.spec.js",
      "file": "cypress\\tests\\Signin.spec.js",
      "beforeHooks": [],
      "afterHooks": [],
      "tests": [],
      "suites": [
        {
          "uuid": "16644c75-06be-49b1-bf60-bc1a3e1fdfc6",
          "title": "User sign in process",
          "fullFile": "",
          "file": "",
          "beforeHooks": [],
          "afterHooks": [],
          "tests": [
            {
              "title": "Verify user is able to sign in successfully",
              "fullTitle": "User sign in process Verify user is able to sign in successfully",
              "timedOut": null,
              "duration": 0,
              "state": "pending",
              "speed": null,
              "pass": false,
              "fail": false,
              "pending": true,
              "context": null,
              "code": "const email = data.validEmail; // Get valid email from test data\nconst password = data.password; // Get valid password from test data\nsignIn.signIn(email, password); // Perform sign-in action\nsignIn.assertSuccess(); // Assert successful sign-in",
              "err": {},
              "uuid": "1cc6666d-5d2a-4036-9bf2-053950ba59e5",
              "parentUUID": "16644c75-06be-49b1-bf60-bc1a3e1fdfc6",
              "isHook": false,
              "skipped": false
            },
            {
              "title": "Verify user is unable to sign in with a wrong email address",
              "fullTitle": "User sign in process Verify user is unable to sign in with a wrong email address",
              "timedOut": null,
              "duration": 0,
              "state": "pending",
              "speed": null,
              "pass": false,
              "fail": false,
              "pending": true,
              "context": null,
              "code": "const email = data.wrongEmail; // Get wrong email from test data\nconst password = data.password; // Get valid password from test data\nsignIn.signIn(email, password); // Perform sign-in action\nsignIn.assertFailure(); // Assert failure due to wrong email",
              "err": {},
              "uuid": "cb3ca945-d41f-45d4-a26e-21b1c5525ddb",
              "parentUUID": "16644c75-06be-49b1-bf60-bc1a3e1fdfc6",
              "isHook": false,
              "skipped": false
            },
            {
              "title": "Verify user is unable to sign in with an invalid email address",
              "fullTitle": "User sign in process Verify user is unable to sign in with an invalid email address",
              "timedOut": null,
              "duration": 0,
              "state": "pending",
              "speed": null,
              "pass": false,
              "fail": false,
              "pending": true,
              "context": null,
              "code": "const email = data.invalidEmail; // Get invalid email from test data\nconst password = data.password; // Get valid password from test data\nsignIn.signIn(email, password); // Perform sign-in action\nsignIn.assertInvalidEmail(); // Assert failure due to invalid email format",
              "err": {},
              "uuid": "55643f8d-6386-492a-b762-acf1ef5fd6f8",
              "parentUUID": "16644c75-06be-49b1-bf60-bc1a3e1fdfc6",
              "isHook": false,
              "skipped": false
            },
            {
              "title": "Verify user is unable to sign in with invalid password",
              "fullTitle": "User sign in process Verify user is unable to sign in with invalid password",
              "timedOut": null,
              "duration": 0,
              "state": "pending",
              "speed": null,
              "pass": false,
              "fail": false,
              "pending": true,
              "context": null,
              "code": "const email = data.validEmail; // Get valid email from test data\nconst password = data.invalidPassword; // Get invalid password from test data\nsignIn.signIn(email, password); // Perform sign-in action\nsignIn.assertFailure(); // Assert failure due to invalid password",
              "err": {},
              "uuid": "e64494d6-a1ea-4fee-9683-914637aa8849",
              "parentUUID": "16644c75-06be-49b1-bf60-bc1a3e1fdfc6",
              "isHook": false,
              "skipped": false
            },
            {
              "title": "Verify user is unable to sign in with an empty password field",
              "fullTitle": "User sign in process Verify user is unable to sign in with an empty password field",
              "timedOut": null,
              "duration": 0,
              "state": "pending",
              "speed": null,
              "pass": false,
              "fail": false,
              "pending": true,
              "context": null,
              "code": "const email = data.validEmail; // Get valid email from test data\nconst password = data.invalidPassword; // Get any password to clear later\nsignIn.signInEmptyPassword(email, password); // Perform sign-in with empty password\nsignIn.assertEmptyPassword(); // Assert failure due to empty password",
              "err": {},
              "uuid": "a18c8e06-4bd1-4f48-996f-a82fc9557c7b",
              "parentUUID": "16644c75-06be-49b1-bf60-bc1a3e1fdfc6",
              "isHook": false,
              "skipped": false
            },
            {
              "title": "Verify user is unable to sign in with an empty email field",
              "fullTitle": "User sign in process Verify user is unable to sign in with an empty email field",
              "timedOut": null,
              "duration": 0,
              "state": "pending",
              "speed": null,
              "pass": false,
              "fail": false,
              "pending": true,
              "context": null,
              "code": "const email = data.validEmail; // Get any email to clear later\nconst password = data.password; // Get valid password from test data\nsignIn.signInEmptyEmail(email, password); // Perform sign-in with empty email\nsignIn.assertEmptyEmail(); // Assert failure due to empty email",
              "err": {},
              "uuid": "7e74d840-eca7-47c6-9467-9abb3e6a1962",
              "parentUUID": "16644c75-06be-49b1-bf60-bc1a3e1fdfc6",
              "isHook": false,
              "skipped": false
            },
            {
              "title": "Verify user is unable to sign in with an empty email and password field",
              "fullTitle": "User sign in process Verify user is unable to sign in with an empty email and password field",
              "timedOut": null,
              "duration": 0,
              "state": "pending",
              "speed": null,
              "pass": false,
              "fail": false,
              "pending": true,
              "context": null,
              "code": "const email = data.validEmail; // Get any email to clear later\nconst password = data.password; // Get valid password from test data\nsignIn.signInEmptyEmailAndPassword(email, password); // Perform sign-in with both fields empty\nsignIn.assertEmptyEmail(); // Assert failure due to empty email\nsignIn.assertEmptyPassword(); // Assert failure due to empty password",
              "err": {},
              "uuid": "5ea0ae50-6249-477f-ad2b-546a0a7ca366",
              "parentUUID": "16644c75-06be-49b1-bf60-bc1a3e1fdfc6",
              "isHook": false,
              "skipped": false
            }
          ],
          "suites": [],
          "passes": [],
          "failures": [],
          "pending": [
            "1cc6666d-5d2a-4036-9bf2-053950ba59e5",
            "cb3ca945-d41f-45d4-a26e-21b1c5525ddb",
            "55643f8d-6386-492a-b762-acf1ef5fd6f8",
            "e64494d6-a1ea-4fee-9683-914637aa8849",
            "a18c8e06-4bd1-4f48-996f-a82fc9557c7b",
            "7e74d840-eca7-47c6-9467-9abb3e6a1962",
            "5ea0ae50-6249-477f-ad2b-546a0a7ca366"
          ],
          "skipped": [],
          "duration": 0,
          "root": false,
          "rootEmpty": false,
          "_timeout": 2000
        }
      ],
      "passes": [],
      "failures": [],
      "pending": [],
      "skipped": [],
      "duration": 0,
      "root": true,
      "rootEmpty": true,
      "_timeout": 2000
    }
  ],
  "meta": {
    "mocha": {
      "version": "7.0.1"
    },
    "mochawesome": {
      "options": {
        "quiet": false,
        "reportFilename": "mochawesome",
        "saveHtml": true,
        "saveJson": true,
        "consoleReporter": "spec",
        "useInlineDiffs": false,
        "code": true
      },
      "version": "7.1.3"
    },
    "marge": {
      "options": {
        "reportDir": "cypress/reports/mochawesome",
        "overwrite": false,
        "html": true,
        "json": true
      },
      "version": "6.2.0"
    }
  }
}