{
  "stats": {
    "suites": 1,
    "tests": 13,
    "passes": 0,
    "pending": 0,
    "failures": 13,
    "start": "2024-10-24T04:16:45.778Z",
    "end": "2024-10-24T04:22:58.073Z",
    "duration": 372295,
    "testsRegistered": 13,
    "passPercent": 0,
    "pendingPercent": 0,
    "other": 0,
    "hasOther": false,
    "skipped": 0,
    "hasSkipped": false
  },
  "results": [
    {
      "uuid": "371dfd56-a784-4bdc-b590-7a2ecc2196e7",
      "title": "",
      "fullFile": "cypress\\tests\\CreatePlan.spec.js",
      "file": "cypress\\tests\\CreatePlan.spec.js",
      "beforeHooks": [],
      "afterHooks": [],
      "tests": [],
      "suites": [
        {
          "uuid": "f3768c35-1d3c-4ce1-9c54-940e06c95360",
          "title": "Create plan",
          "fullFile": "",
          "file": "",
          "beforeHooks": [],
          "afterHooks": [],
          "tests": [
            {
              "title": "Verify user is able to create a business USD plan successfully",
              "fullTitle": "Create plan Verify user is able to create a business USD plan successfully",
              "timedOut": null,
              "duration": 19647,
              "state": "failed",
              "speed": null,
              "pass": false,
              "fail": true,
              "pending": false,
              "context": null,
              "code": "const name = createPlan.generatePlanName(); // Generate a random plan name\nconst amount = createPlan.generateRandomAmount(); // Generate a random amount\nconst date = createPlan.generateRandomFutureDate(); // Generate a random future date\n// Create the USD business plan with generated values\ncreatePlan.usdBusinessPlan(name, amount, date);\n// Assert that the success message appears\ncreatePlan.assertSuccess();\n// Delete the created plans for cleanup\ncreatePlan.deletePlans();",
              "err": {
                "message": "Error: Syntax error, unrecognized expression: button[normalize-space()=\"Continue\"]",
                "estack": "Error: Syntax error, unrecognized expression: button[normalize-space()=\"Continue\"]\n    at Sizzle.error (https://app.risevest.com/__cypress/runner/cypress_runner.js:8442:8)\n    at Sizzle.tokenize (https://app.risevest.com/__cypress/runner/cypress_runner.js:9098:11)\n    at Sizzle.select (https://app.risevest.com/__cypress/runner/cypress_runner.js:9525:20)\n    at Function.Sizzle [as find] (https://app.risevest.com/__cypress/runner/cypress_runner.js:7746:9)\n    at jQuery.fn.init.find (https://app.risevest.com/__cypress/runner/cypress_runner.js:9778:11)\n    at new jQuery.fn.init (https://app.risevest.com/__cypress/runner/cypress_runner.js:9893:40)\n    at Object.query (https://app.risevest.com/__cypress/runner/cypress_runner.js:35110:10)\n    at $Cy.$$ (https://app.risevest.com/__cypress/runner/cypress_runner.js:140103:57)\n    at <unknown> (https://app.risevest.com/__cypress/runner/cypress_runner.js:132023:18)\n    at Object.subjectFn (https://app.risevest.com/__cypress/runner/cypress_runner.js:143919:16)\n    at $Cy.verifyUpcomingAssertions (https://app.risevest.com/__cypress/runner/cypress_runner.js:143258:31)\n    at onRetry (https://app.risevest.com/__cypress/runner/cypress_runner.js:143910:15)\n    at retryQuery (https://app.risevest.com/__cypress/runner/cypress_runner.js:143923:10)\n    at <unknown> (https://app.risevest.com/__cypress/runner/cypress_runner.js:144073:17)\n    at tryCatcher (https://app.risevest.com/__cypress/runner/cypress_runner.js:1807:23)\n    at Promise._settlePromiseFromHandler (https://app.risevest.com/__cypress/runner/cypress_runner.js:1519:31)\n    at Promise._settlePromise (https://app.risevest.com/__cypress/runner/cypress_runner.js:1576:18)\n    at Promise._settlePromiseCtx (https://app.risevest.com/__cypress/runner/cypress_runner.js:1613:10)\n    at _drainQueueStep (https://app.risevest.com/__cypress/runner/cypress_runner.js:2411:12)\n    at _drainQueue (https://app.risevest.com/__cypress/runner/cypress_runner.js:2400:9)\n    at Async._drainQueues (https://app.risevest.com/__cypress/runner/cypress_runner.js:2416:5)\n    at Async.drainQueues (https://app.risevest.com/__cypress/runner/cypress_runner.js:2286:14)",
                "diff": null
              },
              "uuid": "808558f7-5c22-4afc-9186-4fef4a327b47",
              "parentUUID": "f3768c35-1d3c-4ce1-9c54-940e06c95360",
              "isHook": false,
              "skipped": false
            },
            {
              "title": "Verify user is able to create a business naira plan successfully",
              "fullTitle": "Create plan Verify user is able to create a business naira plan successfully",
              "timedOut": null,
              "duration": 15866,
              "state": "failed",
              "speed": null,
              "pass": false,
              "fail": true,
              "pending": false,
              "context": null,
              "code": "const name = createPlan.generatePlanName();\nconst amount = createPlan.generateRandomAmount();\nconst date = createPlan.generateRandomFutureDate();\ncreatePlan.nairaBusinessPlan(name, amount, date);\ncreatePlan.assertSuccess();\ncreatePlan.deletePlans();",
              "err": {
                "message": "Error: Syntax error, unrecognized expression: button[normalize-space()=\"Continue\"]",
                "estack": "Error: Syntax error, unrecognized expression: button[normalize-space()=\"Continue\"]\n    at Sizzle.error (https://app.risevest.com/__cypress/runner/cypress_runner.js:8442:8)\n    at Sizzle.tokenize (https://app.risevest.com/__cypress/runner/cypress_runner.js:9098:11)\n    at Sizzle.select (https://app.risevest.com/__cypress/runner/cypress_runner.js:9525:20)\n    at Function.Sizzle [as find] (https://app.risevest.com/__cypress/runner/cypress_runner.js:7746:9)\n    at jQuery.fn.init.find (https://app.risevest.com/__cypress/runner/cypress_runner.js:9778:11)\n    at new jQuery.fn.init (https://app.risevest.com/__cypress/runner/cypress_runner.js:9893:40)\n    at Object.query (https://app.risevest.com/__cypress/runner/cypress_runner.js:35110:10)\n    at $Cy.$$ (https://app.risevest.com/__cypress/runner/cypress_runner.js:140103:57)\n    at <unknown> (https://app.risevest.com/__cypress/runner/cypress_runner.js:132023:18)\n    at Object.subjectFn (https://app.risevest.com/__cypress/runner/cypress_runner.js:143919:16)\n    at $Cy.verifyUpcomingAssertions (https://app.risevest.com/__cypress/runner/cypress_runner.js:143258:31)\n    at onRetry (https://app.risevest.com/__cypress/runner/cypress_runner.js:143910:15)\n    at retryQuery (https://app.risevest.com/__cypress/runner/cypress_runner.js:143923:10)\n    at <unknown> (https://app.risevest.com/__cypress/runner/cypress_runner.js:144073:17)\n    at tryCatcher (https://app.risevest.com/__cypress/runner/cypress_runner.js:1807:23)\n    at Promise._settlePromiseFromHandler (https://app.risevest.com/__cypress/runner/cypress_runner.js:1519:31)\n    at Promise._settlePromise (https://app.risevest.com/__cypress/runner/cypress_runner.js:1576:18)\n    at Promise._settlePromiseCtx (https://app.risevest.com/__cypress/runner/cypress_runner.js:1613:10)\n    at _drainQueueStep (https://app.risevest.com/__cypress/runner/cypress_runner.js:2411:12)\n    at _drainQueue (https://app.risevest.com/__cypress/runner/cypress_runner.js:2400:9)\n    at Async._drainQueues (https://app.risevest.com/__cypress/runner/cypress_runner.js:2416:5)\n    at Async.drainQueues (https://app.risevest.com/__cypress/runner/cypress_runner.js:2286:14)",
                "diff": null
              },
              "uuid": "abf15f0c-b917-4348-b862-d5d65886a812",
              "parentUUID": "f3768c35-1d3c-4ce1-9c54-940e06c95360",
              "isHook": false,
              "skipped": false
            },
            {
              "title": "Verify user is able to create a new investment plan",
              "fullTitle": "Create plan Verify user is able to create a new investment plan",
              "timedOut": null,
              "duration": 24112,
              "state": "failed",
              "speed": null,
              "pass": false,
              "fail": true,
              "pending": false,
              "context": null,
              "code": "const name = createPlan.generatePlanName();\nconst amount = createPlan.generateRandomAmount();\nconst percent = createPlan.getRandomPercentage(); // Generate random percentage\nconst age = createPlan.getRandomRetirementAge(); // Generate random retirement age\ncreatePlan.investmentPlan(name, amount, percent, age);\ncreatePlan.assertSuccess(); // Assert success message\ncreatePlan.deletePlans(); // Clean up by deleting created plans",
              "err": {
                "message": "Error: Syntax error, unrecognized expression: button[normalize-space()=\"Continue\"]",
                "estack": "Error: Syntax error, unrecognized expression: button[normalize-space()=\"Continue\"]\n    at Sizzle.error (https://app.risevest.com/__cypress/runner/cypress_runner.js:8442:8)\n    at Sizzle.tokenize (https://app.risevest.com/__cypress/runner/cypress_runner.js:9098:11)\n    at Sizzle.select (https://app.risevest.com/__cypress/runner/cypress_runner.js:9525:20)\n    at Function.Sizzle [as find] (https://app.risevest.com/__cypress/runner/cypress_runner.js:7746:9)\n    at jQuery.fn.init.find (https://app.risevest.com/__cypress/runner/cypress_runner.js:9778:11)\n    at new jQuery.fn.init (https://app.risevest.com/__cypress/runner/cypress_runner.js:9893:40)\n    at Object.query (https://app.risevest.com/__cypress/runner/cypress_runner.js:35110:10)\n    at $Cy.$$ (https://app.risevest.com/__cypress/runner/cypress_runner.js:140103:57)\n    at <unknown> (https://app.risevest.com/__cypress/runner/cypress_runner.js:132023:18)\n    at Object.subjectFn (https://app.risevest.com/__cypress/runner/cypress_runner.js:143919:16)\n    at $Cy.verifyUpcomingAssertions (https://app.risevest.com/__cypress/runner/cypress_runner.js:143258:31)\n    at onRetry (https://app.risevest.com/__cypress/runner/cypress_runner.js:143910:15)\n    at retryQuery (https://app.risevest.com/__cypress/runner/cypress_runner.js:143923:10)\n    at <unknown> (https://app.risevest.com/__cypress/runner/cypress_runner.js:144073:17)\n    at tryCatcher (https://app.risevest.com/__cypress/runner/cypress_runner.js:1807:23)\n    at Promise._settlePromiseFromHandler (https://app.risevest.com/__cypress/runner/cypress_runner.js:1519:31)\n    at Promise._settlePromise (https://app.risevest.com/__cypress/runner/cypress_runner.js:1576:18)\n    at Promise._settlePromiseCtx (https://app.risevest.com/__cypress/runner/cypress_runner.js:1613:10)\n    at _drainQueueStep (https://app.risevest.com/__cypress/runner/cypress_runner.js:2411:12)\n    at _drainQueue (https://app.risevest.com/__cypress/runner/cypress_runner.js:2400:9)\n    at Async._drainQueues (https://app.risevest.com/__cypress/runner/cypress_runner.js:2416:5)\n    at Async.drainQueues (https://app.risevest.com/__cypress/runner/cypress_runner.js:2286:14)",
                "diff": null
              },
              "uuid": "92195824-e896-4723-83c3-a53503a82968",
              "parentUUID": "f3768c35-1d3c-4ce1-9c54-940e06c95360",
              "isHook": false,
              "skipped": false
            },
            {
              "title": "Verify user is able to create a School naira plan successfully",
              "fullTitle": "Create plan Verify user is able to create a School naira plan successfully",
              "timedOut": null,
              "duration": 19176,
              "state": "failed",
              "speed": null,
              "pass": false,
              "fail": true,
              "pending": false,
              "context": null,
              "code": "const name = createPlan.generatePlanName();\nconst amount = createPlan.generateRandomAmount();\nconst date = createPlan.generateRandomFutureDate();\ncreatePlan.nairaSchoolPlan(name, amount, date);\ncreatePlan.assertSuccess();\ncreatePlan.deletePlans();",
              "err": {
                "message": "Error: Syntax error, unrecognized expression: button[normalize-space()=\"Continue\"]",
                "estack": "Error: Syntax error, unrecognized expression: button[normalize-space()=\"Continue\"]\n    at Sizzle.error (https://app.risevest.com/__cypress/runner/cypress_runner.js:8442:8)\n    at Sizzle.tokenize (https://app.risevest.com/__cypress/runner/cypress_runner.js:9098:11)\n    at Sizzle.select (https://app.risevest.com/__cypress/runner/cypress_runner.js:9525:20)\n    at Function.Sizzle [as find] (https://app.risevest.com/__cypress/runner/cypress_runner.js:7746:9)\n    at jQuery.fn.init.find (https://app.risevest.com/__cypress/runner/cypress_runner.js:9778:11)\n    at new jQuery.fn.init (https://app.risevest.com/__cypress/runner/cypress_runner.js:9893:40)\n    at Object.query (https://app.risevest.com/__cypress/runner/cypress_runner.js:35110:10)\n    at $Cy.$$ (https://app.risevest.com/__cypress/runner/cypress_runner.js:140103:57)\n    at <unknown> (https://app.risevest.com/__cypress/runner/cypress_runner.js:132023:18)\n    at Object.subjectFn (https://app.risevest.com/__cypress/runner/cypress_runner.js:143919:16)\n    at $Cy.verifyUpcomingAssertions (https://app.risevest.com/__cypress/runner/cypress_runner.js:143258:31)\n    at onRetry (https://app.risevest.com/__cypress/runner/cypress_runner.js:143910:15)\n    at retryQuery (https://app.risevest.com/__cypress/runner/cypress_runner.js:143923:10)\n    at <unknown> (https://app.risevest.com/__cypress/runner/cypress_runner.js:144073:17)\n    at tryCatcher (https://app.risevest.com/__cypress/runner/cypress_runner.js:1807:23)\n    at Promise._settlePromiseFromHandler (https://app.risevest.com/__cypress/runner/cypress_runner.js:1519:31)\n    at Promise._settlePromise (https://app.risevest.com/__cypress/runner/cypress_runner.js:1576:18)\n    at Promise._settlePromiseCtx (https://app.risevest.com/__cypress/runner/cypress_runner.js:1613:10)\n    at _drainQueueStep (https://app.risevest.com/__cypress/runner/cypress_runner.js:2411:12)\n    at _drainQueue (https://app.risevest.com/__cypress/runner/cypress_runner.js:2400:9)\n    at Async._drainQueues (https://app.risevest.com/__cypress/runner/cypress_runner.js:2416:5)\n    at Async.drainQueues (https://app.risevest.com/__cypress/runner/cypress_runner.js:2286:14)",
                "diff": null
              },
              "uuid": "b858e9f0-6b7f-44c2-8639-a9cbf18c4a74",
              "parentUUID": "f3768c35-1d3c-4ce1-9c54-940e06c95360",
              "isHook": false,
              "skipped": false
            },
            {
              "title": "Verify user is able to create a School USD plan successfully",
              "fullTitle": "Create plan Verify user is able to create a School USD plan successfully",
              "timedOut": null,
              "duration": 19737,
              "state": "failed",
              "speed": null,
              "pass": false,
              "fail": true,
              "pending": false,
              "context": null,
              "code": "const name = createPlan.generatePlanName();\nconst amount = createPlan.generateRandomAmount();\nconst date = createPlan.generateRandomFutureDate();\ncreatePlan.usdSchoolPlan(name, amount, date);\ncreatePlan.assertSuccess();\ncreatePlan.deletePlans();",
              "err": {
                "message": "Error: Syntax error, unrecognized expression: button[normalize-space()=\"Continue\"]",
                "estack": "Error: Syntax error, unrecognized expression: button[normalize-space()=\"Continue\"]\n    at Sizzle.error (https://app.risevest.com/__cypress/runner/cypress_runner.js:8442:8)\n    at Sizzle.tokenize (https://app.risevest.com/__cypress/runner/cypress_runner.js:9098:11)\n    at Sizzle.select (https://app.risevest.com/__cypress/runner/cypress_runner.js:9525:20)\n    at Function.Sizzle [as find] (https://app.risevest.com/__cypress/runner/cypress_runner.js:7746:9)\n    at jQuery.fn.init.find (https://app.risevest.com/__cypress/runner/cypress_runner.js:9778:11)\n    at new jQuery.fn.init (https://app.risevest.com/__cypress/runner/cypress_runner.js:9893:40)\n    at Object.query (https://app.risevest.com/__cypress/runner/cypress_runner.js:35110:10)\n    at $Cy.$$ (https://app.risevest.com/__cypress/runner/cypress_runner.js:140103:57)\n    at <unknown> (https://app.risevest.com/__cypress/runner/cypress_runner.js:132023:18)\n    at Object.subjectFn (https://app.risevest.com/__cypress/runner/cypress_runner.js:143919:16)\n    at $Cy.verifyUpcomingAssertions (https://app.risevest.com/__cypress/runner/cypress_runner.js:143258:31)\n    at onRetry (https://app.risevest.com/__cypress/runner/cypress_runner.js:143910:15)\n    at retryQuery (https://app.risevest.com/__cypress/runner/cypress_runner.js:143923:10)\n    at <unknown> (https://app.risevest.com/__cypress/runner/cypress_runner.js:144073:17)\n    at tryCatcher (https://app.risevest.com/__cypress/runner/cypress_runner.js:1807:23)\n    at Promise._settlePromiseFromHandler (https://app.risevest.com/__cypress/runner/cypress_runner.js:1519:31)\n    at Promise._settlePromise (https://app.risevest.com/__cypress/runner/cypress_runner.js:1576:18)\n    at Promise._settlePromiseCtx (https://app.risevest.com/__cypress/runner/cypress_runner.js:1613:10)\n    at _drainQueueStep (https://app.risevest.com/__cypress/runner/cypress_runner.js:2411:12)\n    at _drainQueue (https://app.risevest.com/__cypress/runner/cypress_runner.js:2400:9)\n    at Async._drainQueues (https://app.risevest.com/__cypress/runner/cypress_runner.js:2416:5)\n    at Async.drainQueues (https://app.risevest.com/__cypress/runner/cypress_runner.js:2286:14)",
                "diff": null
              },
              "uuid": "295b6432-d3e8-41ec-b825-9fdeeb425fe5",
              "parentUUID": "f3768c35-1d3c-4ce1-9c54-940e06c95360",
              "isHook": false,
              "skipped": false
            },
            {
              "title": "User is able to create real estate plan and display correct percentage for 12 months",
              "fullTitle": "Create plan User is able to create real estate plan and display correct percentage for 12 months",
              "timedOut": null,
              "duration": 24980,
              "state": "failed",
              "speed": null,
              "pass": false,
              "fail": true,
              "pending": false,
              "context": null,
              "code": "const name = `Real estate plan test case for ${months} months`;\nconst planName = createPlan.generatePlanName();\n// Log the values being used for clarity\ncy.log(`Creating a plan with name: ${name}`);\ncy.log(`Selecting month: ${months} and expecting percentage: ${expectedPercentage}%`);\n// Complete the plan flow, select the month, and assert the percentage\ncreatePlan.completeRealEstatePlan(planName, months, expectedPercentage);\ncreatePlan.assertSuccess();\ncreatePlan.deletePlans();",
              "err": {
                "message": "Error: Syntax error, unrecognized expression: button[normalize-space()=\"Continue\"]",
                "estack": "Error: Syntax error, unrecognized expression: button[normalize-space()=\"Continue\"]\n    at Sizzle.error (https://app.risevest.com/__cypress/runner/cypress_runner.js:8442:8)\n    at Sizzle.tokenize (https://app.risevest.com/__cypress/runner/cypress_runner.js:9098:11)\n    at Sizzle.select (https://app.risevest.com/__cypress/runner/cypress_runner.js:9525:20)\n    at Function.Sizzle [as find] (https://app.risevest.com/__cypress/runner/cypress_runner.js:7746:9)\n    at jQuery.fn.init.find (https://app.risevest.com/__cypress/runner/cypress_runner.js:9778:11)\n    at new jQuery.fn.init (https://app.risevest.com/__cypress/runner/cypress_runner.js:9893:40)\n    at Object.query (https://app.risevest.com/__cypress/runner/cypress_runner.js:35110:10)\n    at $Cy.$$ (https://app.risevest.com/__cypress/runner/cypress_runner.js:140103:57)\n    at <unknown> (https://app.risevest.com/__cypress/runner/cypress_runner.js:132023:18)\n    at Object.subjectFn (https://app.risevest.com/__cypress/runner/cypress_runner.js:143919:16)\n    at $Cy.verifyUpcomingAssertions (https://app.risevest.com/__cypress/runner/cypress_runner.js:143258:31)\n    at onRetry (https://app.risevest.com/__cypress/runner/cypress_runner.js:143910:15)\n    at retryQuery (https://app.risevest.com/__cypress/runner/cypress_runner.js:143923:10)\n    at <unknown> (https://app.risevest.com/__cypress/runner/cypress_runner.js:144073:17)\n    at tryCatcher (https://app.risevest.com/__cypress/runner/cypress_runner.js:1807:23)\n    at Promise._settlePromiseFromHandler (https://app.risevest.com/__cypress/runner/cypress_runner.js:1519:31)\n    at Promise._settlePromise (https://app.risevest.com/__cypress/runner/cypress_runner.js:1576:18)\n    at Promise._settlePromiseCtx (https://app.risevest.com/__cypress/runner/cypress_runner.js:1613:10)\n    at _drainQueueStep (https://app.risevest.com/__cypress/runner/cypress_runner.js:2411:12)\n    at _drainQueue (https://app.risevest.com/__cypress/runner/cypress_runner.js:2400:9)\n    at Async._drainQueues (https://app.risevest.com/__cypress/runner/cypress_runner.js:2416:5)\n    at Async.drainQueues (https://app.risevest.com/__cypress/runner/cypress_runner.js:2286:14)",
                "diff": null
              },
              "uuid": "6d7357b0-f1fa-4c4f-bc17-c431a7fff6b7",
              "parentUUID": "f3768c35-1d3c-4ce1-9c54-940e06c95360",
              "isHook": false,
              "skipped": false
            },
            {
              "title": "User is able to create real estate plan and display correct percentage for 6 months",
              "fullTitle": "Create plan User is able to create real estate plan and display correct percentage for 6 months",
              "timedOut": null,
              "duration": 26364,
              "state": "failed",
              "speed": null,
              "pass": false,
              "fail": true,
              "pending": false,
              "context": null,
              "code": "const name = `Real estate plan test case for ${months} months`;\nconst planName = createPlan.generatePlanName();\n// Log the values being used for clarity\ncy.log(`Creating a plan with name: ${name}`);\ncy.log(`Selecting month: ${months} and expecting percentage: ${expectedPercentage}%`);\n// Complete the plan flow, select the month, and assert the percentage\ncreatePlan.completeRealEstatePlan(planName, months, expectedPercentage);\ncreatePlan.assertSuccess();\ncreatePlan.deletePlans();",
              "err": {
                "message": "Error: Syntax error, unrecognized expression: button[normalize-space()=\"Continue\"]",
                "estack": "Error: Syntax error, unrecognized expression: button[normalize-space()=\"Continue\"]\n    at Sizzle.error (https://app.risevest.com/__cypress/runner/cypress_runner.js:8442:8)\n    at Sizzle.tokenize (https://app.risevest.com/__cypress/runner/cypress_runner.js:9098:11)\n    at Sizzle.select (https://app.risevest.com/__cypress/runner/cypress_runner.js:9525:20)\n    at Function.Sizzle [as find] (https://app.risevest.com/__cypress/runner/cypress_runner.js:7746:9)\n    at jQuery.fn.init.find (https://app.risevest.com/__cypress/runner/cypress_runner.js:9778:11)\n    at new jQuery.fn.init (https://app.risevest.com/__cypress/runner/cypress_runner.js:9893:40)\n    at Object.query (https://app.risevest.com/__cypress/runner/cypress_runner.js:35110:10)\n    at $Cy.$$ (https://app.risevest.com/__cypress/runner/cypress_runner.js:140103:57)\n    at <unknown> (https://app.risevest.com/__cypress/runner/cypress_runner.js:132023:18)\n    at Object.subjectFn (https://app.risevest.com/__cypress/runner/cypress_runner.js:143919:16)\n    at $Cy.verifyUpcomingAssertions (https://app.risevest.com/__cypress/runner/cypress_runner.js:143258:31)\n    at onRetry (https://app.risevest.com/__cypress/runner/cypress_runner.js:143910:15)\n    at retryQuery (https://app.risevest.com/__cypress/runner/cypress_runner.js:143923:10)\n    at <unknown> (https://app.risevest.com/__cypress/runner/cypress_runner.js:144073:17)\n    at tryCatcher (https://app.risevest.com/__cypress/runner/cypress_runner.js:1807:23)\n    at Promise._settlePromiseFromHandler (https://app.risevest.com/__cypress/runner/cypress_runner.js:1519:31)\n    at Promise._settlePromise (https://app.risevest.com/__cypress/runner/cypress_runner.js:1576:18)\n    at Promise._settlePromiseCtx (https://app.risevest.com/__cypress/runner/cypress_runner.js:1613:10)\n    at _drainQueueStep (https://app.risevest.com/__cypress/runner/cypress_runner.js:2411:12)\n    at _drainQueue (https://app.risevest.com/__cypress/runner/cypress_runner.js:2400:9)\n    at Async._drainQueues (https://app.risevest.com/__cypress/runner/cypress_runner.js:2416:5)\n    at Async.drainQueues (https://app.risevest.com/__cypress/runner/cypress_runner.js:2286:14)",
                "diff": null
              },
              "uuid": "03a9372c-65df-4216-9123-49c1bfc3a8fa",
              "parentUUID": "f3768c35-1d3c-4ce1-9c54-940e06c95360",
              "isHook": false,
              "skipped": false
            },
            {
              "title": "User is able to create real estate plan and display correct percentage for 3 months",
              "fullTitle": "Create plan User is able to create real estate plan and display correct percentage for 3 months",
              "timedOut": null,
              "duration": 28736,
              "state": "failed",
              "speed": null,
              "pass": false,
              "fail": true,
              "pending": false,
              "context": null,
              "code": "const name = `Real estate plan test case for ${months} months`;\nconst planName = createPlan.generatePlanName();\n// Log the values being used for clarity\ncy.log(`Creating a plan with name: ${name}`);\ncy.log(`Selecting month: ${months} and expecting percentage: ${expectedPercentage}%`);\n// Complete the plan flow, select the month, and assert the percentage\ncreatePlan.completeRealEstatePlan(planName, months, expectedPercentage);\ncreatePlan.assertSuccess();\ncreatePlan.deletePlans();",
              "err": {
                "message": "Error: Syntax error, unrecognized expression: button[normalize-space()=\"Continue\"]",
                "estack": "Error: Syntax error, unrecognized expression: button[normalize-space()=\"Continue\"]\n    at Sizzle.error (https://app.risevest.com/__cypress/runner/cypress_runner.js:8442:8)\n    at Sizzle.tokenize (https://app.risevest.com/__cypress/runner/cypress_runner.js:9098:11)\n    at Sizzle.select (https://app.risevest.com/__cypress/runner/cypress_runner.js:9525:20)\n    at Function.Sizzle [as find] (https://app.risevest.com/__cypress/runner/cypress_runner.js:7746:9)\n    at jQuery.fn.init.find (https://app.risevest.com/__cypress/runner/cypress_runner.js:9778:11)\n    at new jQuery.fn.init (https://app.risevest.com/__cypress/runner/cypress_runner.js:9893:40)\n    at Object.query (https://app.risevest.com/__cypress/runner/cypress_runner.js:35110:10)\n    at $Cy.$$ (https://app.risevest.com/__cypress/runner/cypress_runner.js:140103:57)\n    at <unknown> (https://app.risevest.com/__cypress/runner/cypress_runner.js:132023:18)\n    at Object.subjectFn (https://app.risevest.com/__cypress/runner/cypress_runner.js:143919:16)\n    at $Cy.verifyUpcomingAssertions (https://app.risevest.com/__cypress/runner/cypress_runner.js:143258:31)\n    at onRetry (https://app.risevest.com/__cypress/runner/cypress_runner.js:143910:15)\n    at retryQuery (https://app.risevest.com/__cypress/runner/cypress_runner.js:143923:10)\n    at <unknown> (https://app.risevest.com/__cypress/runner/cypress_runner.js:144073:17)\n    at tryCatcher (https://app.risevest.com/__cypress/runner/cypress_runner.js:1807:23)\n    at Promise._settlePromiseFromHandler (https://app.risevest.com/__cypress/runner/cypress_runner.js:1519:31)\n    at Promise._settlePromise (https://app.risevest.com/__cypress/runner/cypress_runner.js:1576:18)\n    at Promise._settlePromiseCtx (https://app.risevest.com/__cypress/runner/cypress_runner.js:1613:10)\n    at _drainQueueStep (https://app.risevest.com/__cypress/runner/cypress_runner.js:2411:12)\n    at _drainQueue (https://app.risevest.com/__cypress/runner/cypress_runner.js:2400:9)\n    at Async._drainQueues (https://app.risevest.com/__cypress/runner/cypress_runner.js:2416:5)\n    at Async.drainQueues (https://app.risevest.com/__cypress/runner/cypress_runner.js:2286:14)",
                "diff": null
              },
              "uuid": "a8a23d9b-e9ad-411b-ae17-b5cc0be97309",
              "parentUUID": "f3768c35-1d3c-4ce1-9c54-940e06c95360",
              "isHook": false,
              "skipped": false
            },
            {
              "title": "User is able to create fixed income plan and display correct percentage for 12 months",
              "fullTitle": "Create plan User is able to create fixed income plan and display correct percentage for 12 months",
              "timedOut": null,
              "duration": 31904,
              "state": "failed",
              "speed": null,
              "pass": false,
              "fail": true,
              "pending": false,
              "context": null,
              "code": "const name = `Fixed income plan test case for ${months} months`;\nconst planName = createPlan.generatePlanName();\n// Log the values being used\ncy.log(`Creating a plan with name: ${name}`);\ncy.log(`Selecting month: ${months} and expecting percentage: ${expectedPercentage}%`);\n// Complete the plan flow, select the month, and assert the percentage\ncreatePlan.completeFixedIncomePlan(planName, months, expectedPercentage);\ncreatePlan.assertSuccess();\ncreatePlan.deletePlans();",
              "err": {
                "message": "Error: Syntax error, unrecognized expression: button[normalize-space()=\"Continue\"]",
                "estack": "Error: Syntax error, unrecognized expression: button[normalize-space()=\"Continue\"]\n    at Sizzle.error (https://app.risevest.com/__cypress/runner/cypress_runner.js:8442:8)\n    at Sizzle.tokenize (https://app.risevest.com/__cypress/runner/cypress_runner.js:9098:11)\n    at Sizzle.select (https://app.risevest.com/__cypress/runner/cypress_runner.js:9525:20)\n    at Function.Sizzle [as find] (https://app.risevest.com/__cypress/runner/cypress_runner.js:7746:9)\n    at jQuery.fn.init.find (https://app.risevest.com/__cypress/runner/cypress_runner.js:9778:11)\n    at jQuery.fn.init (https://app.risevest.com/__cypress/runner/cypress_runner.js:9893:40)\n    at Object.query (https://app.risevest.com/__cypress/runner/cypress_runner.js:35110:10)\n    at $Cy.$$ (https://app.risevest.com/__cypress/runner/cypress_runner.js:140103:57)\n    at <unknown> (https://app.risevest.com/__cypress/runner/cypress_runner.js:132023:18)\n    at Object.subjectFn (https://app.risevest.com/__cypress/runner/cypress_runner.js:143919:16)\n    at $Cy.verifyUpcomingAssertions (https://app.risevest.com/__cypress/runner/cypress_runner.js:143258:31)\n    at onRetry (https://app.risevest.com/__cypress/runner/cypress_runner.js:143910:15)\n    at retryQuery (https://app.risevest.com/__cypress/runner/cypress_runner.js:143923:10)\n    at <unknown> (https://app.risevest.com/__cypress/runner/cypress_runner.js:144073:17)\n    at tryCatcher (https://app.risevest.com/__cypress/runner/cypress_runner.js:1807:23)\n    at Promise._settlePromiseFromHandler (https://app.risevest.com/__cypress/runner/cypress_runner.js:1519:31)\n    at Promise._settlePromise (https://app.risevest.com/__cypress/runner/cypress_runner.js:1576:18)\n    at Promise._settlePromiseCtx (https://app.risevest.com/__cypress/runner/cypress_runner.js:1613:10)\n    at _drainQueueStep (https://app.risevest.com/__cypress/runner/cypress_runner.js:2411:12)\n    at _drainQueue (https://app.risevest.com/__cypress/runner/cypress_runner.js:2400:9)\n    at Async._drainQueues (https://app.risevest.com/__cypress/runner/cypress_runner.js:2416:5)\n    at Async.drainQueues (https://app.risevest.com/__cypress/runner/cypress_runner.js:2286:14)",
                "diff": null
              },
              "uuid": "aec098d5-1c05-4693-beec-50072291555a",
              "parentUUID": "f3768c35-1d3c-4ce1-9c54-940e06c95360",
              "isHook": false,
              "skipped": false
            },
            {
              "title": "User is able to create fixed income plan and display correct percentage for 6 months",
              "fullTitle": "Create plan User is able to create fixed income plan and display correct percentage for 6 months",
              "timedOut": null,
              "duration": 31444,
              "state": "failed",
              "speed": null,
              "pass": false,
              "fail": true,
              "pending": false,
              "context": null,
              "code": "const name = `Fixed income plan test case for ${months} months`;\nconst planName = createPlan.generatePlanName();\n// Log the values being used\ncy.log(`Creating a plan with name: ${name}`);\ncy.log(`Selecting month: ${months} and expecting percentage: ${expectedPercentage}%`);\n// Complete the plan flow, select the month, and assert the percentage\ncreatePlan.completeFixedIncomePlan(planName, months, expectedPercentage);\ncreatePlan.assertSuccess();\ncreatePlan.deletePlans();",
              "err": {
                "message": "Error: Syntax error, unrecognized expression: button[normalize-space()=\"Continue\"]",
                "estack": "Error: Syntax error, unrecognized expression: button[normalize-space()=\"Continue\"]\n    at Sizzle.error (https://app.risevest.com/__cypress/runner/cypress_runner.js:8442:8)\n    at Sizzle.tokenize (https://app.risevest.com/__cypress/runner/cypress_runner.js:9098:11)\n    at Sizzle.select (https://app.risevest.com/__cypress/runner/cypress_runner.js:9525:20)\n    at Function.Sizzle [as find] (https://app.risevest.com/__cypress/runner/cypress_runner.js:7746:9)\n    at jQuery.fn.init.find (https://app.risevest.com/__cypress/runner/cypress_runner.js:9778:11)\n    at jQuery.fn.init (https://app.risevest.com/__cypress/runner/cypress_runner.js:9893:40)\n    at Object.query (https://app.risevest.com/__cypress/runner/cypress_runner.js:35110:10)\n    at $Cy.$$ (https://app.risevest.com/__cypress/runner/cypress_runner.js:140103:57)\n    at <unknown> (https://app.risevest.com/__cypress/runner/cypress_runner.js:132023:18)\n    at Object.subjectFn (https://app.risevest.com/__cypress/runner/cypress_runner.js:143919:16)\n    at $Cy.verifyUpcomingAssertions (https://app.risevest.com/__cypress/runner/cypress_runner.js:143258:31)\n    at onRetry (https://app.risevest.com/__cypress/runner/cypress_runner.js:143910:15)\n    at retryQuery (https://app.risevest.com/__cypress/runner/cypress_runner.js:143923:10)\n    at <unknown> (https://app.risevest.com/__cypress/runner/cypress_runner.js:144073:17)\n    at tryCatcher (https://app.risevest.com/__cypress/runner/cypress_runner.js:1807:23)\n    at Promise._settlePromiseFromHandler (https://app.risevest.com/__cypress/runner/cypress_runner.js:1519:31)\n    at Promise._settlePromise (https://app.risevest.com/__cypress/runner/cypress_runner.js:1576:18)\n    at Promise._settlePromiseCtx (https://app.risevest.com/__cypress/runner/cypress_runner.js:1613:10)\n    at _drainQueueStep (https://app.risevest.com/__cypress/runner/cypress_runner.js:2411:12)\n    at _drainQueue (https://app.risevest.com/__cypress/runner/cypress_runner.js:2400:9)\n    at Async._drainQueues (https://app.risevest.com/__cypress/runner/cypress_runner.js:2416:5)\n    at Async.drainQueues (https://app.risevest.com/__cypress/runner/cypress_runner.js:2286:14)",
                "diff": null
              },
              "uuid": "dac25485-1f05-40cf-a8e3-fd966760f9b5",
              "parentUUID": "f3768c35-1d3c-4ce1-9c54-940e06c95360",
              "isHook": false,
              "skipped": false
            },
            {
              "title": "User is able to create fixed income plan and display correct percentage for 3 months",
              "fullTitle": "Create plan User is able to create fixed income plan and display correct percentage for 3 months",
              "timedOut": null,
              "duration": 58363,
              "state": "failed",
              "speed": null,
              "pass": false,
              "fail": true,
              "pending": false,
              "context": null,
              "code": "const name = `Fixed income plan test case for ${months} months`;\nconst planName = createPlan.generatePlanName();\n// Log the values being used\ncy.log(`Creating a plan with name: ${name}`);\ncy.log(`Selecting month: ${months} and expecting percentage: ${expectedPercentage}%`);\n// Complete the plan flow, select the month, and assert the percentage\ncreatePlan.completeFixedIncomePlan(planName, months, expectedPercentage);\ncreatePlan.assertSuccess();\ncreatePlan.deletePlans();",
              "err": {
                "message": "Error: Syntax error, unrecognized expression: button[normalize-space()=\"Continue\"]",
                "estack": "Error: Syntax error, unrecognized expression: button[normalize-space()=\"Continue\"]\n    at Sizzle.error (https://app.risevest.com/__cypress/runner/cypress_runner.js:8442:8)\n    at Sizzle.tokenize (https://app.risevest.com/__cypress/runner/cypress_runner.js:9098:11)\n    at Sizzle.select (https://app.risevest.com/__cypress/runner/cypress_runner.js:9525:20)\n    at Function.Sizzle [as find] (https://app.risevest.com/__cypress/runner/cypress_runner.js:7746:9)\n    at jQuery.fn.init.find (https://app.risevest.com/__cypress/runner/cypress_runner.js:9778:11)\n    at jQuery.fn.init (https://app.risevest.com/__cypress/runner/cypress_runner.js:9893:40)\n    at Object.query (https://app.risevest.com/__cypress/runner/cypress_runner.js:35110:10)\n    at $Cy.$$ (https://app.risevest.com/__cypress/runner/cypress_runner.js:140103:57)\n    at <unknown> (https://app.risevest.com/__cypress/runner/cypress_runner.js:132023:18)\n    at Object.subjectFn (https://app.risevest.com/__cypress/runner/cypress_runner.js:143919:16)\n    at $Cy.verifyUpcomingAssertions (https://app.risevest.com/__cypress/runner/cypress_runner.js:143258:31)\n    at onRetry (https://app.risevest.com/__cypress/runner/cypress_runner.js:143910:15)\n    at retryQuery (https://app.risevest.com/__cypress/runner/cypress_runner.js:143923:10)\n    at <unknown> (https://app.risevest.com/__cypress/runner/cypress_runner.js:144073:17)\n    at tryCatcher (https://app.risevest.com/__cypress/runner/cypress_runner.js:1807:23)\n    at Promise._settlePromiseFromHandler (https://app.risevest.com/__cypress/runner/cypress_runner.js:1519:31)\n    at Promise._settlePromise (https://app.risevest.com/__cypress/runner/cypress_runner.js:1576:18)\n    at Promise._settlePromiseCtx (https://app.risevest.com/__cypress/runner/cypress_runner.js:1613:10)\n    at _drainQueueStep (https://app.risevest.com/__cypress/runner/cypress_runner.js:2411:12)\n    at _drainQueue (https://app.risevest.com/__cypress/runner/cypress_runner.js:2400:9)\n    at Async._drainQueues (https://app.risevest.com/__cypress/runner/cypress_runner.js:2416:5)\n    at Async.drainQueues (https://app.risevest.com/__cypress/runner/cypress_runner.js:2286:14)",
                "diff": null
              },
              "uuid": "e40f7fef-e77f-43ac-8a8c-3a84931ad826",
              "parentUUID": "f3768c35-1d3c-4ce1-9c54-940e06c95360",
              "isHook": false,
              "skipped": false
            },
            {
              "title": "Verify user is unable to create plan with a past date",
              "fullTitle": "Create plan Verify user is unable to create plan with a past date",
              "timedOut": null,
              "duration": 31329,
              "state": "failed",
              "speed": null,
              "pass": false,
              "fail": true,
              "pending": false,
              "context": null,
              "code": "const name = createPlan.generatePlanName();\nconst amount = createPlan.generateRandomAmount();\nconst date = \"22-03-2022\"; // Past date\ncreatePlan.nairaBusinessPlan(name, amount, date);\ncreatePlan.assertDateFailure(); // Assert failure due to past date",
              "err": {
                "message": "Error: Syntax error, unrecognized expression: button[normalize-space()=\"Continue\"]",
                "estack": "Error: Syntax error, unrecognized expression: button[normalize-space()=\"Continue\"]\n    at Sizzle.error (https://app.risevest.com/__cypress/runner/cypress_runner.js:8442:8)\n    at Sizzle.tokenize (https://app.risevest.com/__cypress/runner/cypress_runner.js:9098:11)\n    at Sizzle.select (https://app.risevest.com/__cypress/runner/cypress_runner.js:9525:20)\n    at Function.Sizzle [as find] (https://app.risevest.com/__cypress/runner/cypress_runner.js:7746:9)\n    at jQuery.fn.init.find (https://app.risevest.com/__cypress/runner/cypress_runner.js:9778:11)\n    at jQuery.fn.init (https://app.risevest.com/__cypress/runner/cypress_runner.js:9893:40)\n    at Object.query (https://app.risevest.com/__cypress/runner/cypress_runner.js:35110:10)\n    at $Cy.$$ (https://app.risevest.com/__cypress/runner/cypress_runner.js:140103:57)\n    at <unknown> (https://app.risevest.com/__cypress/runner/cypress_runner.js:132023:18)\n    at Object.subjectFn (https://app.risevest.com/__cypress/runner/cypress_runner.js:143919:16)\n    at $Cy.verifyUpcomingAssertions (https://app.risevest.com/__cypress/runner/cypress_runner.js:143258:31)\n    at onRetry (https://app.risevest.com/__cypress/runner/cypress_runner.js:143910:15)\n    at retryQuery (https://app.risevest.com/__cypress/runner/cypress_runner.js:143923:10)\n    at <unknown> (https://app.risevest.com/__cypress/runner/cypress_runner.js:144073:17)\n    at tryCatcher (https://app.risevest.com/__cypress/runner/cypress_runner.js:1807:23)\n    at Promise._settlePromiseFromHandler (https://app.risevest.com/__cypress/runner/cypress_runner.js:1519:31)\n    at Promise._settlePromise (https://app.risevest.com/__cypress/runner/cypress_runner.js:1576:18)\n    at Promise._settlePromiseCtx (https://app.risevest.com/__cypress/runner/cypress_runner.js:1613:10)\n    at _drainQueueStep (https://app.risevest.com/__cypress/runner/cypress_runner.js:2411:12)\n    at _drainQueue (https://app.risevest.com/__cypress/runner/cypress_runner.js:2400:9)\n    at Async._drainQueues (https://app.risevest.com/__cypress/runner/cypress_runner.js:2416:5)\n    at Async.drainQueues (https://app.risevest.com/__cypress/runner/cypress_runner.js:2286:14)",
                "diff": null
              },
              "uuid": "95eeb3e3-69a3-483b-8a2c-0bee78c2f0a9",
              "parentUUID": "f3768c35-1d3c-4ce1-9c54-940e06c95360",
              "isHook": false,
              "skipped": false
            },
            {
              "title": "Verify user is unable to create plan with a invalid date",
              "fullTitle": "Create plan Verify user is unable to create plan with a invalid date",
              "timedOut": null,
              "duration": 36166,
              "state": "failed",
              "speed": null,
              "pass": false,
              "fail": true,
              "pending": false,
              "context": null,
              "code": "const name = createPlan.generatePlanName();\nconst amount = createPlan.generateRandomAmount();\nconst date = \"23-04-0000\"; // Invalid date format\ncreatePlan.nairaBusinessPlan(name, amount, date);\ncreatePlan.assertDateFailure(); // Assert failure due to invalid date",
              "err": {
                "message": "Error: Syntax error, unrecognized expression: button[normalize-space()=\"Continue\"]",
                "estack": "Error: Syntax error, unrecognized expression: button[normalize-space()=\"Continue\"]\n    at Sizzle.error (https://app.risevest.com/__cypress/runner/cypress_runner.js:8442:8)\n    at Sizzle.tokenize (https://app.risevest.com/__cypress/runner/cypress_runner.js:9098:11)\n    at Sizzle.select (https://app.risevest.com/__cypress/runner/cypress_runner.js:9525:20)\n    at Function.Sizzle [as find] (https://app.risevest.com/__cypress/runner/cypress_runner.js:7746:9)\n    at jQuery.fn.init.find (https://app.risevest.com/__cypress/runner/cypress_runner.js:9778:11)\n    at jQuery.fn.init (https://app.risevest.com/__cypress/runner/cypress_runner.js:9893:40)\n    at Object.query (https://app.risevest.com/__cypress/runner/cypress_runner.js:35110:10)\n    at $Cy.$$ (https://app.risevest.com/__cypress/runner/cypress_runner.js:140103:57)\n    at <unknown> (https://app.risevest.com/__cypress/runner/cypress_runner.js:132023:18)\n    at Object.subjectFn (https://app.risevest.com/__cypress/runner/cypress_runner.js:143919:16)\n    at $Cy.verifyUpcomingAssertions (https://app.risevest.com/__cypress/runner/cypress_runner.js:143258:31)\n    at onRetry (https://app.risevest.com/__cypress/runner/cypress_runner.js:143910:15)\n    at retryQuery (https://app.risevest.com/__cypress/runner/cypress_runner.js:143923:10)\n    at <unknown> (https://app.risevest.com/__cypress/runner/cypress_runner.js:144073:17)\n    at tryCatcher (https://app.risevest.com/__cypress/runner/cypress_runner.js:1807:23)\n    at Promise._settlePromiseFromHandler (https://app.risevest.com/__cypress/runner/cypress_runner.js:1519:31)\n    at Promise._settlePromise (https://app.risevest.com/__cypress/runner/cypress_runner.js:1576:18)\n    at Promise._settlePromiseCtx (https://app.risevest.com/__cypress/runner/cypress_runner.js:1613:10)\n    at _drainQueueStep (https://app.risevest.com/__cypress/runner/cypress_runner.js:2411:12)\n    at _drainQueue (https://app.risevest.com/__cypress/runner/cypress_runner.js:2400:9)\n    at Async._drainQueues (https://app.risevest.com/__cypress/runner/cypress_runner.js:2416:5)\n    at Async.drainQueues (https://app.risevest.com/__cypress/runner/cypress_runner.js:2286:14)",
                "diff": null
              },
              "uuid": "800010c0-8a7f-4757-98c9-1d6bf7eeb156",
              "parentUUID": "f3768c35-1d3c-4ce1-9c54-940e06c95360",
              "isHook": false,
              "skipped": false
            }
          ],
          "suites": [],
          "passes": [],
          "failures": [
            "808558f7-5c22-4afc-9186-4fef4a327b47",
            "abf15f0c-b917-4348-b862-d5d65886a812",
            "92195824-e896-4723-83c3-a53503a82968",
            "b858e9f0-6b7f-44c2-8639-a9cbf18c4a74",
            "295b6432-d3e8-41ec-b825-9fdeeb425fe5",
            "6d7357b0-f1fa-4c4f-bc17-c431a7fff6b7",
            "03a9372c-65df-4216-9123-49c1bfc3a8fa",
            "a8a23d9b-e9ad-411b-ae17-b5cc0be97309",
            "aec098d5-1c05-4693-beec-50072291555a",
            "dac25485-1f05-40cf-a8e3-fd966760f9b5",
            "e40f7fef-e77f-43ac-8a8c-3a84931ad826",
            "95eeb3e3-69a3-483b-8a2c-0bee78c2f0a9",
            "800010c0-8a7f-4757-98c9-1d6bf7eeb156"
          ],
          "pending": [],
          "skipped": [],
          "duration": 367824,
          "root": false,
          "rootEmpty": false,
          "_timeout": 2000
        }
      ],
      "passes": [],
      "failures": [],
      "pending": [],
      "skipped": [],
      "duration": 0,
      "root": true,
      "rootEmpty": true,
      "_timeout": 2000
    }
  ],
  "meta": {
    "mocha": {
      "version": "7.0.1"
    },
    "mochawesome": {
      "options": {
        "quiet": false,
        "reportFilename": "mochawesome",
        "saveHtml": true,
        "saveJson": true,
        "consoleReporter": "spec",
        "useInlineDiffs": false,
        "code": true
      },
      "version": "7.1.3"
    },
    "marge": {
      "options": {
        "reportDir": "cypress/reports/mochawesome",
        "overwrite": false,
        "html": true,
        "json": true
      },
      "version": "6.2.0"
    }
  }
}