{
  "stats": {
    "suites": 1,
    "tests": 1,
    "passes": 0,
    "pending": 13,
    "failures": -12,
    "start": "2024-10-24T22:01:44.781Z",
    "end": "2024-10-24T22:01:44.934Z",
    "duration": 153,
    "testsRegistered": 13,
    "passPercent": null,
    "pendingPercent": 100,
    "other": 12,
    "hasOther": true,
    "skipped": 0,
    "hasSkipped": false
  },
  "results": [
    {
      "uuid": "d55072fc-09c5-4e89-bf16-9bfed024ffd9",
      "title": "",
      "fullFile": "cypress\\tests\\CreatePlan.spec.js",
      "file": "cypress\\tests\\CreatePlan.spec.js",
      "beforeHooks": [],
      "afterHooks": [],
      "tests": [],
      "suites": [
        {
          "uuid": "51b19b1c-2ce9-4f93-8fce-ddf3e0231651",
          "title": "Create plan",
          "fullFile": "",
          "file": "",
          "beforeHooks": [],
          "afterHooks": [],
          "tests": [
            {
              "title": "Verify user is able to create a business USD plan successfully",
              "fullTitle": "Create plan Verify user is able to create a business USD plan successfully",
              "timedOut": null,
              "duration": 0,
              "state": "pending",
              "speed": null,
              "pass": false,
              "fail": false,
              "pending": true,
              "context": null,
              "code": "const name = createPlan.generatePlanName(); // Generate a random plan name\nconst amount = createPlan.generateRandomAmount(); // Generate a random amount\nconst date = createPlan.generateRandomFutureDate(); // Generate a random future date\n// Create the USD business plan with generated values\ncreatePlan.usdBusinessPlan(name, amount, date);\n// Assert that the success message appears\ncreatePlan.assertSuccess();\n// Delete the created plans for cleanup\ncreatePlan.deletePlans();",
              "err": {},
              "uuid": "b355d283-baff-42f2-bfac-2bf03223bac5",
              "parentUUID": "51b19b1c-2ce9-4f93-8fce-ddf3e0231651",
              "isHook": false,
              "skipped": false
            },
            {
              "title": "Verify user is able to create a business naira plan successfully",
              "fullTitle": "Create plan Verify user is able to create a business naira plan successfully",
              "timedOut": null,
              "duration": 0,
              "state": "pending",
              "speed": null,
              "pass": false,
              "fail": false,
              "pending": true,
              "context": null,
              "code": "const name = createPlan.generatePlanName();\nconst amount = createPlan.generateRandomAmount();\nconst date = createPlan.generateRandomFutureDate();\ncreatePlan.nairaBusinessPlan(name, amount, date);\ncreatePlan.assertSuccess();\ncreatePlan.deletePlans();",
              "err": {},
              "uuid": "4db73a3d-3594-452b-8604-e7a875404cd2",
              "parentUUID": "51b19b1c-2ce9-4f93-8fce-ddf3e0231651",
              "isHook": false,
              "skipped": false
            },
            {
              "title": "Verify user is able to create a new investment plan",
              "fullTitle": "Create plan Verify user is able to create a new investment plan",
              "timedOut": null,
              "duration": 0,
              "state": "pending",
              "speed": null,
              "pass": false,
              "fail": false,
              "pending": true,
              "context": null,
              "code": "const name = createPlan.generatePlanName();\nconst amount = createPlan.generateRandomAmount();\nconst percent = createPlan.getRandomPercentage(); // Generate random percentage\nconst age = createPlan.getRandomRetirementAge(); // Generate random retirement age\ncreatePlan.investmentPlan(name, amount, percent, age);\ncreatePlan.assertSuccess(); // Assert success message\ncreatePlan.deletePlans(); // Clean up by deleting created plans",
              "err": {},
              "uuid": "8207285f-a1ae-40cb-8a5b-97b84c07970d",
              "parentUUID": "51b19b1c-2ce9-4f93-8fce-ddf3e0231651",
              "isHook": false,
              "skipped": false
            },
            {
              "title": "Verify user is able to create a School naira plan successfully",
              "fullTitle": "Create plan Verify user is able to create a School naira plan successfully",
              "timedOut": null,
              "duration": 0,
              "state": "pending",
              "speed": null,
              "pass": false,
              "fail": false,
              "pending": true,
              "context": null,
              "code": "const name = createPlan.generatePlanName();\nconst amount = createPlan.generateRandomAmount();\nconst date = createPlan.generateRandomFutureDate();\ncreatePlan.nairaSchoolPlan(name, amount, date);\ncreatePlan.assertSuccess();\ncreatePlan.deletePlans();",
              "err": {},
              "uuid": "8f8c0d8d-d89b-4683-b19c-2ebdd61f6d15",
              "parentUUID": "51b19b1c-2ce9-4f93-8fce-ddf3e0231651",
              "isHook": false,
              "skipped": false
            },
            {
              "title": "Verify user is able to create a School USD plan successfully",
              "fullTitle": "Create plan Verify user is able to create a School USD plan successfully",
              "timedOut": null,
              "duration": 0,
              "state": "pending",
              "speed": null,
              "pass": false,
              "fail": false,
              "pending": true,
              "context": null,
              "code": "const name = createPlan.generatePlanName();\nconst amount = createPlan.generateRandomAmount();\nconst date = createPlan.generateRandomFutureDate();\ncreatePlan.usdSchoolPlan(name, amount, date);\ncreatePlan.assertSuccess();\ncreatePlan.deletePlans();",
              "err": {},
              "uuid": "61df9bb0-27f9-4d5e-9cd3-731bb53db891",
              "parentUUID": "51b19b1c-2ce9-4f93-8fce-ddf3e0231651",
              "isHook": false,
              "skipped": false
            },
            {
              "title": "User is able to create real estate plan and display correct percentage for 12 months",
              "fullTitle": "Create plan User is able to create real estate plan and display correct percentage for 12 months",
              "timedOut": null,
              "duration": 0,
              "state": "pending",
              "speed": null,
              "pass": false,
              "fail": false,
              "pending": true,
              "context": null,
              "code": "const name = `Real estate plan test case for ${months} months`;\nconst planName = createPlan.generatePlanName();\n// Log the values being used for clarity\ncy.log(`Creating a plan with name: ${name}`);\ncy.log(`Selecting month: ${months} and expecting percentage: ${expectedPercentage}%`);\n// Complete the plan flow, select the month, and assert the percentage\ncreatePlan.completeRealEstatePlan(planName, months, expectedPercentage);\ncreatePlan.assertSuccess();\ncreatePlan.deletePlans();",
              "err": {},
              "uuid": "f523c199-f3e3-4146-9ce6-35fbfd2bff1c",
              "parentUUID": "51b19b1c-2ce9-4f93-8fce-ddf3e0231651",
              "isHook": false,
              "skipped": false
            },
            {
              "title": "User is able to create real estate plan and display correct percentage for 6 months",
              "fullTitle": "Create plan User is able to create real estate plan and display correct percentage for 6 months",
              "timedOut": null,
              "duration": 0,
              "state": "pending",
              "speed": null,
              "pass": false,
              "fail": false,
              "pending": true,
              "context": null,
              "code": "const name = `Real estate plan test case for ${months} months`;\nconst planName = createPlan.generatePlanName();\n// Log the values being used for clarity\ncy.log(`Creating a plan with name: ${name}`);\ncy.log(`Selecting month: ${months} and expecting percentage: ${expectedPercentage}%`);\n// Complete the plan flow, select the month, and assert the percentage\ncreatePlan.completeRealEstatePlan(planName, months, expectedPercentage);\ncreatePlan.assertSuccess();\ncreatePlan.deletePlans();",
              "err": {},
              "uuid": "d4827d22-39a8-4170-bef5-0f3ba33effd6",
              "parentUUID": "51b19b1c-2ce9-4f93-8fce-ddf3e0231651",
              "isHook": false,
              "skipped": false
            },
            {
              "title": "User is able to create real estate plan and display correct percentage for 3 months",
              "fullTitle": "Create plan User is able to create real estate plan and display correct percentage for 3 months",
              "timedOut": null,
              "duration": 0,
              "state": "pending",
              "speed": null,
              "pass": false,
              "fail": false,
              "pending": true,
              "context": null,
              "code": "const name = `Real estate plan test case for ${months} months`;\nconst planName = createPlan.generatePlanName();\n// Log the values being used for clarity\ncy.log(`Creating a plan with name: ${name}`);\ncy.log(`Selecting month: ${months} and expecting percentage: ${expectedPercentage}%`);\n// Complete the plan flow, select the month, and assert the percentage\ncreatePlan.completeRealEstatePlan(planName, months, expectedPercentage);\ncreatePlan.assertSuccess();\ncreatePlan.deletePlans();",
              "err": {},
              "uuid": "ea662023-dcfd-45e2-bae5-eee76f70fdc2",
              "parentUUID": "51b19b1c-2ce9-4f93-8fce-ddf3e0231651",
              "isHook": false,
              "skipped": false
            },
            {
              "title": "User is able to create fixed income plan and display correct percentage for 12 months",
              "fullTitle": "Create plan User is able to create fixed income plan and display correct percentage for 12 months",
              "timedOut": null,
              "duration": 0,
              "state": "pending",
              "speed": null,
              "pass": false,
              "fail": false,
              "pending": true,
              "context": null,
              "code": "const name = `Fixed income plan test case for ${months} months`;\nconst planName = createPlan.generatePlanName();\n// Log the values being used\ncy.log(`Creating a plan with name: ${name}`);\ncy.log(`Selecting month: ${months} and expecting percentage: ${expectedPercentage}%`);\n// Complete the plan flow, select the month, and assert the percentage\ncreatePlan.completeFixedIncomePlan(planName, months, expectedPercentage);\ncreatePlan.assertSuccess();\ncreatePlan.deletePlans();",
              "err": {},
              "uuid": "23a5cdb6-6d08-4bdc-82d6-c396ad032ea7",
              "parentUUID": "51b19b1c-2ce9-4f93-8fce-ddf3e0231651",
              "isHook": false,
              "skipped": false
            },
            {
              "title": "User is able to create fixed income plan and display correct percentage for 6 months",
              "fullTitle": "Create plan User is able to create fixed income plan and display correct percentage for 6 months",
              "timedOut": null,
              "duration": 0,
              "state": "pending",
              "speed": null,
              "pass": false,
              "fail": false,
              "pending": true,
              "context": null,
              "code": "const name = `Fixed income plan test case for ${months} months`;\nconst planName = createPlan.generatePlanName();\n// Log the values being used\ncy.log(`Creating a plan with name: ${name}`);\ncy.log(`Selecting month: ${months} and expecting percentage: ${expectedPercentage}%`);\n// Complete the plan flow, select the month, and assert the percentage\ncreatePlan.completeFixedIncomePlan(planName, months, expectedPercentage);\ncreatePlan.assertSuccess();\ncreatePlan.deletePlans();",
              "err": {},
              "uuid": "29f58900-b3fd-451b-a4e5-962f8f3b19e8",
              "parentUUID": "51b19b1c-2ce9-4f93-8fce-ddf3e0231651",
              "isHook": false,
              "skipped": false
            },
            {
              "title": "User is able to create fixed income plan and display correct percentage for 3 months",
              "fullTitle": "Create plan User is able to create fixed income plan and display correct percentage for 3 months",
              "timedOut": null,
              "duration": 0,
              "state": "pending",
              "speed": null,
              "pass": false,
              "fail": false,
              "pending": true,
              "context": null,
              "code": "const name = `Fixed income plan test case for ${months} months`;\nconst planName = createPlan.generatePlanName();\n// Log the values being used\ncy.log(`Creating a plan with name: ${name}`);\ncy.log(`Selecting month: ${months} and expecting percentage: ${expectedPercentage}%`);\n// Complete the plan flow, select the month, and assert the percentage\ncreatePlan.completeFixedIncomePlan(planName, months, expectedPercentage);\ncreatePlan.assertSuccess();\ncreatePlan.deletePlans();",
              "err": {},
              "uuid": "e0f05188-51ec-4303-8b4e-671467b83198",
              "parentUUID": "51b19b1c-2ce9-4f93-8fce-ddf3e0231651",
              "isHook": false,
              "skipped": false
            },
            {
              "title": "Verify user is unable to create plan with a past date",
              "fullTitle": "Create plan Verify user is unable to create plan with a past date",
              "timedOut": null,
              "duration": 0,
              "state": "pending",
              "speed": null,
              "pass": false,
              "fail": false,
              "pending": true,
              "context": null,
              "code": "const name = createPlan.generatePlanName();\nconst amount = createPlan.generateRandomAmount();\nconst date = data.pastDate; // Past date\ncreatePlan.nairaBusinessPlan(name, amount, date);\ncreatePlan.assertDateFailure(); // Assert failure due to past date",
              "err": {},
              "uuid": "23fe611f-d655-4f48-92fb-ed36f46db9b4",
              "parentUUID": "51b19b1c-2ce9-4f93-8fce-ddf3e0231651",
              "isHook": false,
              "skipped": false
            },
            {
              "title": "Verify user is unable to create plan with a invalid date",
              "fullTitle": "Create plan Verify user is unable to create plan with a invalid date",
              "timedOut": null,
              "duration": 0,
              "state": "pending",
              "speed": null,
              "pass": false,
              "fail": false,
              "pending": true,
              "context": null,
              "code": "const name = createPlan.generatePlanName();\nconst amount = createPlan.generateRandomAmount();\nconst date = data.invalidDate; // Invalid date format\ncreatePlan.nairaBusinessPlan(name, amount, date);\ncreatePlan.assertDateFailure(); // Assert failure due to invalid date",
              "err": {},
              "uuid": "bb310760-44a1-4738-840c-d01aed1b73ea",
              "parentUUID": "51b19b1c-2ce9-4f93-8fce-ddf3e0231651",
              "isHook": false,
              "skipped": false
            }
          ],
          "suites": [],
          "passes": [],
          "failures": [],
          "pending": [
            "b355d283-baff-42f2-bfac-2bf03223bac5",
            "4db73a3d-3594-452b-8604-e7a875404cd2",
            "8207285f-a1ae-40cb-8a5b-97b84c07970d",
            "8f8c0d8d-d89b-4683-b19c-2ebdd61f6d15",
            "61df9bb0-27f9-4d5e-9cd3-731bb53db891",
            "f523c199-f3e3-4146-9ce6-35fbfd2bff1c",
            "d4827d22-39a8-4170-bef5-0f3ba33effd6",
            "ea662023-dcfd-45e2-bae5-eee76f70fdc2",
            "23a5cdb6-6d08-4bdc-82d6-c396ad032ea7",
            "29f58900-b3fd-451b-a4e5-962f8f3b19e8",
            "e0f05188-51ec-4303-8b4e-671467b83198",
            "23fe611f-d655-4f48-92fb-ed36f46db9b4",
            "bb310760-44a1-4738-840c-d01aed1b73ea"
          ],
          "skipped": [],
          "duration": 0,
          "root": false,
          "rootEmpty": false,
          "_timeout": 2000
        }
      ],
      "passes": [],
      "failures": [],
      "pending": [],
      "skipped": [],
      "duration": 0,
      "root": true,
      "rootEmpty": true,
      "_timeout": 2000
    }
  ],
  "meta": {
    "mocha": {
      "version": "7.0.1"
    },
    "mochawesome": {
      "options": {
        "quiet": true,
        "reportFilename": "mochawesome",
        "saveHtml": true,
        "saveJson": true,
        "consoleReporter": "spec",
        "useInlineDiffs": false,
        "code": true
      },
      "version": "7.1.3"
    },
    "marge": {
      "options": {
        "reportDir": "cypress/reports/mochawesome",
        "overwrite": false,
        "html": true,
        "json": true,
        "quiet": true,
        "timestamp": "mmddyyyy_HHMMss"
      },
      "version": "6.2.0"
    }
  }
}