{
  "stats": {
    "suites": 1,
    "tests": 1,
    "passes": 0,
    "pending": 0,
    "failures": 1,
    "start": "2024-10-23T20:28:19.723Z",
    "end": "2024-10-23T20:29:20.340Z",
    "duration": 60617,
    "testsRegistered": 1,
    "passPercent": 0,
    "pendingPercent": 0,
    "other": 0,
    "hasOther": false,
    "skipped": 0,
    "hasSkipped": false
  },
  "results": [
    {
      "uuid": "6188415c-5efa-45fa-9a01-6f3a7d955b55",
      "title": "",
      "fullFile": "cypress\\tests\\ViewWallet.spec.js",
      "file": "cypress\\tests\\ViewWallet.spec.js",
      "beforeHooks": [],
      "afterHooks": [],
      "tests": [],
      "suites": [
        {
          "uuid": "96d075b4-5bb6-4eb2-9658-7add57b4cf99",
          "title": "User view wallet process",
          "fullFile": "",
          "file": "",
          "beforeHooks": [],
          "afterHooks": [],
          "tests": [
            {
              "title": "Verify user is able to view wallet successfully",
              "fullTitle": "User view wallet process Verify user is able to view wallet successfully",
              "timedOut": null,
              "duration": 60528,
              "state": "failed",
              "speed": null,
              "pass": false,
              "fail": true,
              "pending": false,
              "context": null,
              "code": "viewWallet.openWallet(); // Navigate to the wallet page\nviewWallet.assertBalance(); // Assert that the wallet balance is displayed correctly",
              "err": {
                "message": "CypressError: Timed out after waiting `60000ms` for your remote page to load.\n\nYour page did not fire its `load` event within `60000ms`.\n\nYou can try increasing the `pageLoadTimeout` value in `cypress.config.js` to wait longer.\n\nBrowsers will not fire the `load` event until all stylesheets and scripts are done downloading.\n\nWhen this `load` event occurs, Cypress will continue running commands.\n\nBecause this error occurred during a `before each` hook we are skipping the remaining tests in the current suite: `User view wallet process`",
                "estack": "CypressError: Timed out after waiting `60000ms` for your remote page to load.\n\nYour page did not fire its `load` event within `60000ms`.\n\nYou can try increasing the `pageLoadTimeout` value in `cypress.config.js` to wait longer.\n\nBrowsers will not fire the `load` event until all stylesheets and scripts are done downloading.\n\nWhen this `load` event occurs, Cypress will continue running commands.\n\nBecause this error occurred during a `before each` hook we are skipping the remaining tests in the current suite: `User view wallet process`\n    at timedOutWaitingForPageLoad (https://app.risevest.com/__cypress/runner/cypress_runner.js:130682:64)\n    at <unknown> (https://app.risevest.com/__cypress/runner/cypress_runner.js:131667:16)\n    at tryCatcher (https://app.risevest.com/__cypress/runner/cypress_runner.js:1807:23)\n    at <unknown> (https://app.risevest.com/__cypress/runner/cypress_runner.js:4186:41)\n    at tryCatcher (https://app.risevest.com/__cypress/runner/cypress_runner.js:1807:23)\n    at Promise._settlePromiseFromHandler (https://app.risevest.com/__cypress/runner/cypress_runner.js:1519:31)\n    at Promise._settlePromise (https://app.risevest.com/__cypress/runner/cypress_runner.js:1576:18)\n    at Promise._settlePromise0 (https://app.risevest.com/__cypress/runner/cypress_runner.js:1621:10)\n    at Promise._settlePromises (https://app.risevest.com/__cypress/runner/cypress_runner.js:1697:18)\n    at _drainQueueStep (https://app.risevest.com/__cypress/runner/cypress_runner.js:2407:12)\n    at _drainQueue (https://app.risevest.com/__cypress/runner/cypress_runner.js:2400:9)\n    at Async._drainQueues (https://app.risevest.com/__cypress/runner/cypress_runner.js:2416:5)\n    at Async.drainQueues (https://app.risevest.com/__cypress/runner/cypress_runner.js:2286:14)\nFrom Your Spec Code:\n    at Context.eval (webpack://risevest/./cypress/tests/ViewWallet.spec.js:19:11)",
                "diff": null
              },
              "uuid": "e28b5d59-e48e-437c-9b71-ceedf025b84e",
              "parentUUID": "96d075b4-5bb6-4eb2-9658-7add57b4cf99",
              "isHook": false,
              "skipped": false
            }
          ],
          "suites": [],
          "passes": [],
          "failures": [
            "e28b5d59-e48e-437c-9b71-ceedf025b84e"
          ],
          "pending": [],
          "skipped": [],
          "duration": 60528,
          "root": false,
          "rootEmpty": false,
          "_timeout": 2000
        }
      ],
      "passes": [],
      "failures": [],
      "pending": [],
      "skipped": [],
      "duration": 0,
      "root": true,
      "rootEmpty": true,
      "_timeout": 2000
    }
  ],
  "meta": {
    "mocha": {
      "version": "7.0.1"
    },
    "mochawesome": {
      "options": {
        "quiet": false,
        "reportFilename": "mochawesome",
        "saveHtml": true,
        "saveJson": true,
        "consoleReporter": "spec",
        "useInlineDiffs": false,
        "code": true
      },
      "version": "7.1.3"
    },
    "marge": {
      "options": {
        "reportDir": "cypress/reports/mochawesome",
        "overwrite": false,
        "html": true,
        "json": true
      },
      "version": "6.2.0"
    }
  }
}