{
  "stats": {
    "suites": 1,
    "tests": 2,
    "passes": 2,
    "pending": 0,
    "failures": 0,
    "start": "2024-10-24T14:56:06.624Z",
    "end": "2024-10-24T14:56:34.502Z",
    "duration": 27878,
    "testsRegistered": 2,
    "passPercent": 100,
    "pendingPercent": 0,
    "other": 0,
    "hasOther": false,
    "skipped": 0,
    "hasSkipped": false
  },
  "results": [
    {
      "uuid": "b29f0e5e-dcb3-4fbd-a31a-8f0891382344",
      "title": "",
      "fullFile": "cypress\\tests\\WalletBalance.spec.js",
      "file": "cypress\\tests\\WalletBalance.spec.js",
      "beforeHooks": [],
      "afterHooks": [],
      "tests": [],
      "suites": [
        {
          "uuid": "9fc74191-6534-4d2d-b0bc-89d9ed3e152f",
          "title": "Show/Hide Wallet Balance",
          "fullFile": "",
          "file": "",
          "beforeHooks": [],
          "afterHooks": [],
          "tests": [
            {
              "title": "Verify user is able to hide wallet balance",
              "fullTitle": "Show/Hide Wallet Balance Verify user is able to hide wallet balance",
              "timedOut": null,
              "duration": 13385,
              "state": "passed",
              "speed": "slow",
              "pass": true,
              "fail": false,
              "pending": false,
              "context": null,
              "code": "walletBalance.clickEyeIcon(); // Click the eye icon to hide the balance\nwalletBalance.assertHideBalance(); // Assert that the balance is hidden",
              "err": {},
              "uuid": "5a70a0d2-a4ba-434c-b354-6cd61c03a60c",
              "parentUUID": "9fc74191-6534-4d2d-b0bc-89d9ed3e152f",
              "isHook": false,
              "skipped": false
            },
            {
              "title": "Verify user is able to show wallet balance",
              "fullTitle": "Show/Hide Wallet Balance Verify user is able to show wallet balance",
              "timedOut": null,
              "duration": 12357,
              "state": "passed",
              "speed": "slow",
              "pass": true,
              "fail": false,
              "pending": false,
              "context": null,
              "code": "walletBalance.clickEyeIcon(); // Click the eye icon to hide the balance first\nwalletBalance.clickEyeIcon(); // Click the eye icon again to show the balance\nwalletBalance.assertShowBalance(); // Assert that the balance is visible",
              "err": {},
              "uuid": "423c8d59-8f80-4d46-a041-f9693dbde63b",
              "parentUUID": "9fc74191-6534-4d2d-b0bc-89d9ed3e152f",
              "isHook": false,
              "skipped": false
            }
          ],
          "suites": [],
          "passes": [
            "5a70a0d2-a4ba-434c-b354-6cd61c03a60c",
            "423c8d59-8f80-4d46-a041-f9693dbde63b"
          ],
          "failures": [],
          "pending": [],
          "skipped": [],
          "duration": 25742,
          "root": false,
          "rootEmpty": false,
          "_timeout": 2000
        }
      ],
      "passes": [],
      "failures": [],
      "pending": [],
      "skipped": [],
      "duration": 0,
      "root": true,
      "rootEmpty": true,
      "_timeout": 2000
    }
  ],
  "meta": {
    "mocha": {
      "version": "7.0.1"
    },
    "mochawesome": {
      "options": {
        "quiet": false,
        "reportFilename": "mochawesome",
        "saveHtml": false,
        "saveJson": true,
        "consoleReporter": "spec",
        "useInlineDiffs": false,
        "code": true
      },
      "version": "7.1.3"
    },
    "marge": {
      "options": {
        "reportDir": "cypress/results",
        "overwrite": false,
        "html": false,
        "json": true
      },
      "version": "6.2.0"
    }
  }
}