{
  "stats": {
    "suites": 1,
    "tests": 2,
    "passes": 2,
    "pending": 0,
    "failures": 0,
    "start": "2024-10-24T06:19:27.853Z",
    "end": "2024-10-24T06:20:04.306Z",
    "duration": 36453,
    "testsRegistered": 2,
    "passPercent": 100,
    "pendingPercent": 0,
    "other": 0,
    "hasOther": false,
    "skipped": 0,
    "hasSkipped": false
  },
  "results": [
    {
      "uuid": "47696ab1-27af-4a53-8c41-70b9a151c13b",
      "title": "",
      "fullFile": "cypress\\tests\\WalletBalance.spec.js",
      "file": "cypress\\tests\\WalletBalance.spec.js",
      "beforeHooks": [],
      "afterHooks": [],
      "tests": [],
      "suites": [
        {
          "uuid": "613ed837-05fb-45b6-b157-4a2da546ee20",
          "title": "Show/Hide Wallet Balance",
          "fullFile": "",
          "file": "",
          "beforeHooks": [],
          "afterHooks": [],
          "tests": [
            {
              "title": "Verify user is able to hide wallet balance",
              "fullTitle": "Show/Hide Wallet Balance Verify user is able to hide wallet balance",
              "timedOut": null,
              "duration": 24018,
              "state": "passed",
              "speed": "slow",
              "pass": true,
              "fail": false,
              "pending": false,
              "context": null,
              "code": "walletBalance.clickEyeIcon(); // Click the eye icon to hide the balance\nwalletBalance.assertHideBalance(); // Assert that the balance is hidden",
              "err": {},
              "uuid": "915e877d-c336-4c85-a64a-043b56406738",
              "parentUUID": "613ed837-05fb-45b6-b157-4a2da546ee20",
              "isHook": false,
              "skipped": false
            },
            {
              "title": "Verify user is able to show wallet balance",
              "fullTitle": "Show/Hide Wallet Balance Verify user is able to show wallet balance",
              "timedOut": null,
              "duration": 11906,
              "state": "passed",
              "speed": "slow",
              "pass": true,
              "fail": false,
              "pending": false,
              "context": null,
              "code": "walletBalance.clickEyeIcon(); // Click the eye icon to hide the balance first\nwalletBalance.clickEyeIcon(); // Click the eye icon again to show the balance\nwalletBalance.assertShowBalance(); // Assert that the balance is visible",
              "err": {},
              "uuid": "815debce-174b-4c20-9eaf-3005c438091b",
              "parentUUID": "613ed837-05fb-45b6-b157-4a2da546ee20",
              "isHook": false,
              "skipped": false
            }
          ],
          "suites": [],
          "passes": [
            "915e877d-c336-4c85-a64a-043b56406738",
            "815debce-174b-4c20-9eaf-3005c438091b"
          ],
          "failures": [],
          "pending": [],
          "skipped": [],
          "duration": 35924,
          "root": false,
          "rootEmpty": false,
          "_timeout": 2000
        }
      ],
      "passes": [],
      "failures": [],
      "pending": [],
      "skipped": [],
      "duration": 0,
      "root": true,
      "rootEmpty": true,
      "_timeout": 2000
    }
  ],
  "meta": {
    "mocha": {
      "version": "7.0.1"
    },
    "mochawesome": {
      "options": {
        "quiet": false,
        "reportFilename": "mochawesome",
        "saveHtml": false,
        "saveJson": true,
        "consoleReporter": "spec",
        "useInlineDiffs": false,
        "code": true
      },
      "version": "7.1.3"
    },
    "marge": {
      "options": {
        "reportDir": "cypress/results",
        "overwrite": false,
        "html": false,
        "json": true
      },
      "version": "6.2.0"
    }
  }
}